Using pre-set license
Built from '2020.3/staging' branch; Version is '2020.3.28f1 (f5400f52e03f) revision 16072719'; Using compiler version '192528614'; Build Type 'Release'
OS: 'Windows 11  (10.0.22000) 64bit Core' Language: 'en' Physical Memory: 8034 MB
BatchMode: 1, IsHumanControllingUs: 0, StartBugReporterOnCrash: 0, Is64bit: 1, IsPro: 0

COMMAND LINE ARGUMENTS:
C:\Program Files\Unity\Hub\Editor\2020.3.28f1\Editor\Unity.exe
-adb2
-batchMode
-noUpm
-name
AssetImportWorker0
-projectPath
D:/Game Development/Unity_Projects/GitHub/Unity_Learn/Creative_Core/All-Guided-Projects
-logFile
Logs/AssetImportWorker0.log
-srvPort
59080
Successfully changed project path to: D:/Game Development/Unity_Projects/GitHub/Unity_Learn/Creative_Core/All-Guided-Projects
D:/Game Development/Unity_Projects/GitHub/Unity_Learn/Creative_Core/All-Guided-Projects
Using Asset Import Pipeline V2.
Refreshing native plugins compatible for Editor in 71.90 ms, found 2 plugins.
Preloading 0 native plugins for Editor in 0.00 ms.
Initialize engine version: 2020.3.28f1 (f5400f52e03f)
[Subsystems] Discovering subsystems at path C:/Program Files/Unity/Hub/Editor/2020.3.28f1/Editor/Data/Resources/UnitySubsystems
[Subsystems] Discovering subsystems at path D:/Game Development/Unity_Projects/GitHub/Unity_Learn/Creative_Core/All-Guided-Projects/Assets
GfxDevice: creating device client; threaded=0
Direct3D:
    Version:  Direct3D 11.0 [level 11.1]
    Renderer: NVIDIA GeForce MX150 (ID=0x1d12)
    Vendor:   
    VRAM:     1983 MB
    Driver:   30.0.15.1123
Initialize mono
Mono path[0] = 'C:/Program Files/Unity/Hub/Editor/2020.3.28f1/Editor/Data/Managed'
Mono path[1] = 'C:/Program Files/Unity/Hub/Editor/2020.3.28f1/Editor/Data/MonoBleedingEdge/lib/mono/unityjit'
Mono config path = 'C:/Program Files/Unity/Hub/Editor/2020.3.28f1/Editor/Data/MonoBleedingEdge/etc'
Using monoOptions --debugger-agent=transport=dt_socket,embedding=1,server=y,suspend=n,address=127.0.0.1:56688
Begin MonoManager ReloadAssembly
Registering precompiled unity dll's ...
Register platform support module: C:/Program Files/Unity/Hub/Editor/2020.3.28f1/Editor/Data/PlaybackEngines/WebGLSupport/UnityEditor.WebGL.Extensions.dll
Register platform support module: C:/Program Files/Unity/Hub/Editor/2020.3.28f1/Editor/Data/PlaybackEngines/WindowsStandaloneSupport/UnityEditor.WindowsStandalone.Extensions.dll
Registered in 0.001950 seconds.
Native extension for WindowsStandalone target not found
Native extension for WebGL target not found
Refreshing native plugins compatible for Editor in 62.71 ms, found 2 plugins.
Preloading 0 native plugins for Editor in 0.00 ms.
Mono: successfully reloaded assembly
- Completed reload, in  0.691 seconds
Domain Reload Profiling:
	ReloadAssembly (691ms)
		BeginReloadAssembly (70ms)
			ExecutionOrderSort (0ms)
			DisableScriptedObjects (0ms)
			BackupInstance (0ms)
			ReleaseScriptingObjects (0ms)
			CreateAndSetChildDomain (1ms)
		EndReloadAssembly (539ms)
			LoadAssemblies (68ms)
			RebuildTransferFunctionScriptingTraits (0ms)
			SetupTypeCache (174ms)
			ReleaseScriptCaches (0ms)
			RebuildScriptCaches (35ms)
			SetupLoadedEditorAssemblies (212ms)
				LogAssemblyErrors (0ms)
				InitializePlatformSupportModulesInManaged (6ms)
				SetLoadedEditorAssemblies (0ms)
				RefreshPlugins (63ms)
				BeforeProcessingInitializeOnLoad (18ms)
				ProcessInitializeOnLoadAttributes (94ms)
				ProcessInitializeOnLoadMethodAttributes (31ms)
				AfterProcessingInitializeOnLoad (0ms)
				EditorAssembliesLoaded (0ms)
			ExecutionOrderSort2 (0ms)
			AwakeInstancesAfterBackupRestoration (0ms)
Platform modules already initialized, skipping
Registering precompiled user dll's ...
Registered in 0.005122 seconds.
Begin MonoManager ReloadAssembly
Native extension for WindowsStandalone target not found
Native extension for WebGL target not found
Refreshing native plugins compatible for Editor in 62.96 ms, found 2 plugins.
Preloading 0 native plugins for Editor in 0.00 ms.
Mono: successfully reloaded assembly
- Completed reload, in  1.477 seconds
Domain Reload Profiling:
	ReloadAssembly (1478ms)
		BeginReloadAssembly (198ms)
			ExecutionOrderSort (0ms)
			DisableScriptedObjects (5ms)
			BackupInstance (0ms)
			ReleaseScriptingObjects (0ms)
			CreateAndSetChildDomain (32ms)
		EndReloadAssembly (1188ms)
			LoadAssemblies (151ms)
			RebuildTransferFunctionScriptingTraits (0ms)
			SetupTypeCache (445ms)
			ReleaseScriptCaches (1ms)
			RebuildScriptCaches (55ms)
			SetupLoadedEditorAssemblies (398ms)
				LogAssemblyErrors (0ms)
				InitializePlatformSupportModulesInManaged (5ms)
				SetLoadedEditorAssemblies (0ms)
				RefreshPlugins (63ms)
				BeforeProcessingInitializeOnLoad (94ms)
				ProcessInitializeOnLoadAttributes (212ms)
				ProcessInitializeOnLoadMethodAttributes (17ms)
				AfterProcessingInitializeOnLoad (8ms)
				EditorAssembliesLoaded (0ms)
			ExecutionOrderSort2 (0ms)
			AwakeInstancesAfterBackupRestoration (7ms)
Platform modules already initialized, skipping
========================================================================
Worker process is ready to serve import requests
Launched and connected shader compiler UnityShaderCompiler.exe after 0.08 seconds
Refreshing native plugins compatible for Editor in 1.05 ms, found 2 plugins.
Preloading 0 native plugins for Editor in 0.00 ms.
Unloading 2811 Unused Serialized files (Serialized files now loaded: 0)
System memory in use before: 130.6 MB.
System memory in use after: 130.8 MB.

Unloading 20 unused Assets to reduce memory usage. Loaded Objects now: 3249.
Total: 4.207600 ms (FindLiveObjects: 0.423100 ms CreateObjectMapping: 0.298000 ms MarkObjects: 3.399400 ms  DeleteObjects: 0.085800 ms)

AssetImportParameters requested are different than current active one (requested -> active):
  custom:framework-win-MediaFoundation: 216162199b28c13a410421893ffa2e32 -> 
  custom:video-decoder-ogg-theora: a1e56fd34408186e4bbccfd4996cb3dc -> 
  custom:container-muxer-webm: aa71ff27fc2769a1b78a27578f13a17b -> 
  custom:container-demuxer-webm: 4f35f7cbe854078d1ac9338744f61a02 -> 
  custom:container-demuxer-ogg: 62fdf1f143b41e24485cea50d1cbac27 -> 
  custom:video-encoder-webm-vp8: eb34c28f22e8b96e1ab97ce403110664 -> 
  custom:video-codec-MediaFoundation-h265: 746d11721c4dcdbdad8f713fa42b33f4 -> 
  custom:video-decoder-webm-vp8: 9c59270c3fd7afecdb556c50c9e8de78 -> 
  custom:audio-decoder-ogg-vorbis: bf7c407c2cedff20999df2af8eb42d56 -> 
  custom:audio-encoder-webm-vorbis: bf7c407c2cedff20999df2af8eb42d56 -> 
========================================================================
Received Import Request.
  path: Assets/GuidedProject/AlienVideoGameShop/Animations
  artifactKey: Guid(b30d7701f40501f41878c2823524c6b0) Importer(815301076,1909f56bfc062723c751e8b465ee728b)
Start importing Assets/GuidedProject/AlienVideoGameShop/Animations using Guid(b30d7701f40501f41878c2823524c6b0) Importer(815301076,1909f56bfc062723c751e8b465ee728b)  -> (artifact id: '39641cadf9706326f8a2fddd5b6e2c1f') in 0.011795 seconds 
  Import took 0.017082 seconds .

========================================================================
Received Prepare
Registering precompiled user dll's ...
Registered in 0.004256 seconds.
Begin MonoManager ReloadAssembly
Native extension for WindowsStandalone target not found
Native extension for WebGL target not found
Refreshing native plugins compatible for Editor in 0.67 ms, found 2 plugins.
Preloading 0 native plugins for Editor in 0.00 ms.
Mono: successfully reloaded assembly
- Completed reload, in  1.128 seconds
Domain Reload Profiling:
	ReloadAssembly (1129ms)
		BeginReloadAssembly (132ms)
			ExecutionOrderSort (0ms)
			DisableScriptedObjects (5ms)
			BackupInstance (0ms)
			ReleaseScriptingObjects (0ms)
			CreateAndSetChildDomain (44ms)
		EndReloadAssembly (926ms)
			LoadAssemblies (111ms)
			RebuildTransferFunctionScriptingTraits (0ms)
			SetupTypeCache (340ms)
			ReleaseScriptCaches (2ms)
			RebuildScriptCaches (45ms)
			SetupLoadedEditorAssemblies (322ms)
				LogAssemblyErrors (0ms)
				InitializePlatformSupportModulesInManaged (5ms)
				SetLoadedEditorAssemblies (1ms)
				RefreshPlugins (1ms)
				BeforeProcessingInitializeOnLoad (92ms)
				ProcessInitializeOnLoadAttributes (209ms)
				ProcessInitializeOnLoadMethodAttributes (9ms)
				AfterProcessingInitializeOnLoad (5ms)
				EditorAssembliesLoaded (0ms)
			ExecutionOrderSort2 (0ms)
			AwakeInstancesAfterBackupRestoration (12ms)
Platform modules already initialized, skipping
Refreshing native plugins compatible for Editor in 0.67 ms, found 2 plugins.
Preloading 0 native plugins for Editor in 0.00 ms.
Unloading 2697 Unused Serialized files (Serialized files now loaded: 0)
System memory in use before: 122.9 MB.
System memory in use after: 123.1 MB.

Unloading 15 unused Assets to reduce memory usage. Loaded Objects now: 3251.
Total: 3.490900 ms (FindLiveObjects: 0.288100 ms CreateObjectMapping: 0.157300 ms MarkObjects: 3.003100 ms  DeleteObjects: 0.041600 ms)

AssetImportParameters requested are different than current active one (requested -> active):
  custom:framework-win-MediaFoundation: 216162199b28c13a410421893ffa2e32 -> 
  custom:video-decoder-ogg-theora: a1e56fd34408186e4bbccfd4996cb3dc -> 
  custom:container-muxer-webm: aa71ff27fc2769a1b78a27578f13a17b -> 
  custom:container-demuxer-webm: 4f35f7cbe854078d1ac9338744f61a02 -> 
  custom:container-demuxer-ogg: 62fdf1f143b41e24485cea50d1cbac27 -> 
  custom:video-encoder-webm-vp8: eb34c28f22e8b96e1ab97ce403110664 -> 
  custom:video-codec-MediaFoundation-h265: 746d11721c4dcdbdad8f713fa42b33f4 -> 
  custom:video-decoder-webm-vp8: 9c59270c3fd7afecdb556c50c9e8de78 -> 
  custom:audio-decoder-ogg-vorbis: bf7c407c2cedff20999df2af8eb42d56 -> 
  custom:audio-encoder-webm-vorbis: bf7c407c2cedff20999df2af8eb42d56 -> 
========================================================================
Received Import Request.
  Time since last request: 1702.473246 seconds.
  path: Assets/GuidedProject/AlienVideoGameShop/Animations/Planetarium.controller
  artifactKey: Guid(b52cb33293142ed449e21927eeecebf3) Importer(815301076,1909f56bfc062723c751e8b465ee728b)
Start importing Assets/GuidedProject/AlienVideoGameShop/Animations/Planetarium.controller using Guid(b52cb33293142ed449e21927eeecebf3) Importer(815301076,1909f56bfc062723c751e8b465ee728b)  -> (artifact id: 'c6b433df58b6845cb1f630cf36c2d00e') in 0.069170 seconds 
  Import took 0.075609 seconds .

========================================================================
Received Import Request.
  Time since last request: 189.445183 seconds.
  path: Assets/GuidedProject/AlienVideoGameShop/Animations/Planetarium_Rotate.anim
  artifactKey: Guid(0fba8384d02c413439c893fa010b79cb) Importer(815301076,1909f56bfc062723c751e8b465ee728b)
Start importing Assets/GuidedProject/AlienVideoGameShop/Animations/Planetarium_Rotate.anim using Guid(0fba8384d02c413439c893fa010b79cb) Importer(815301076,1909f56bfc062723c751e8b465ee728b)  -> (artifact id: 'bad540b6d4879d3b666e14e46882022d') in 0.011544 seconds 
  Import took 0.017479 seconds .

========================================================================
Received Prepare
Registering precompiled user dll's ...
Registered in 0.004262 seconds.
Begin MonoManager ReloadAssembly
Native extension for WindowsStandalone target not found
Native extension for WebGL target not found
Refreshing native plugins compatible for Editor in 0.69 ms, found 2 plugins.
Preloading 0 native plugins for Editor in 0.00 ms.
Mono: successfully reloaded assembly
- Completed reload, in  1.161 seconds
Domain Reload Profiling:
	ReloadAssembly (1161ms)
		BeginReloadAssembly (126ms)
			ExecutionOrderSort (0ms)
			DisableScriptedObjects (5ms)
			BackupInstance (0ms)
			ReleaseScriptingObjects (0ms)
			CreateAndSetChildDomain (46ms)
		EndReloadAssembly (971ms)
			LoadAssemblies (102ms)
			RebuildTransferFunctionScriptingTraits (0ms)
			SetupTypeCache (364ms)
			ReleaseScriptCaches (1ms)
			RebuildScriptCaches (45ms)
			SetupLoadedEditorAssemblies (341ms)
				LogAssemblyErrors (0ms)
				InitializePlatformSupportModulesInManaged (5ms)
				SetLoadedEditorAssemblies (1ms)
				RefreshPlugins (1ms)
				BeforeProcessingInitializeOnLoad (93ms)
				ProcessInitializeOnLoadAttributes (226ms)
				ProcessInitializeOnLoadMethodAttributes (9ms)
				AfterProcessingInitializeOnLoad (5ms)
				EditorAssembliesLoaded (0ms)
			ExecutionOrderSort2 (0ms)
			AwakeInstancesAfterBackupRestoration (11ms)
Platform modules already initialized, skipping
Refreshing native plugins compatible for Editor in 0.67 ms, found 2 plugins.
Preloading 0 native plugins for Editor in 0.00 ms.
Unloading 2697 Unused Serialized files (Serialized files now loaded: 0)
System memory in use before: 122.9 MB.
System memory in use after: 123.1 MB.

Unloading 15 unused Assets to reduce memory usage. Loaded Objects now: 3253.
Total: 3.491700 ms (FindLiveObjects: 0.288300 ms CreateObjectMapping: 0.136800 ms MarkObjects: 3.036800 ms  DeleteObjects: 0.028900 ms)

AssetImportParameters requested are different than current active one (requested -> active):
  custom:framework-win-MediaFoundation: 216162199b28c13a410421893ffa2e32 -> 
  custom:video-decoder-ogg-theora: a1e56fd34408186e4bbccfd4996cb3dc -> 
  custom:container-muxer-webm: aa71ff27fc2769a1b78a27578f13a17b -> 
  custom:container-demuxer-webm: 4f35f7cbe854078d1ac9338744f61a02 -> 
  custom:container-demuxer-ogg: 62fdf1f143b41e24485cea50d1cbac27 -> 
  custom:video-encoder-webm-vp8: eb34c28f22e8b96e1ab97ce403110664 -> 
  custom:video-codec-MediaFoundation-h265: 746d11721c4dcdbdad8f713fa42b33f4 -> 
  custom:video-decoder-webm-vp8: 9c59270c3fd7afecdb556c50c9e8de78 -> 
  custom:audio-decoder-ogg-vorbis: bf7c407c2cedff20999df2af8eb42d56 -> 
  custom:audio-encoder-webm-vorbis: bf7c407c2cedff20999df2af8eb42d56 -> 
========================================================================
Received Prepare
Registering precompiled user dll's ...
Registered in 0.004706 seconds.
Begin MonoManager ReloadAssembly
Native extension for WindowsStandalone target not found
Native extension for WebGL target not found
Refreshing native plugins compatible for Editor in 0.65 ms, found 2 plugins.
Preloading 0 native plugins for Editor in 0.00 ms.
Mono: successfully reloaded assembly
- Completed reload, in  1.140 seconds
Domain Reload Profiling:
	ReloadAssembly (1140ms)
		BeginReloadAssembly (120ms)
			ExecutionOrderSort (0ms)
			DisableScriptedObjects (5ms)
			BackupInstance (0ms)
			ReleaseScriptingObjects (0ms)
			CreateAndSetChildDomain (40ms)
		EndReloadAssembly (955ms)
			LoadAssemblies (101ms)
			RebuildTransferFunctionScriptingTraits (0ms)
			SetupTypeCache (354ms)
			ReleaseScriptCaches (1ms)
			RebuildScriptCaches (50ms)
			SetupLoadedEditorAssemblies (327ms)
				LogAssemblyErrors (0ms)
				InitializePlatformSupportModulesInManaged (6ms)
				SetLoadedEditorAssemblies (1ms)
				RefreshPlugins (1ms)
				BeforeProcessingInitializeOnLoad (91ms)
				ProcessInitializeOnLoadAttributes (215ms)
				ProcessInitializeOnLoadMethodAttributes (9ms)
				AfterProcessingInitializeOnLoad (5ms)
				EditorAssembliesLoaded (0ms)
			ExecutionOrderSort2 (0ms)
			AwakeInstancesAfterBackupRestoration (12ms)
Platform modules already initialized, skipping
Refreshing native plugins compatible for Editor in 0.65 ms, found 2 plugins.
Preloading 0 native plugins for Editor in 0.00 ms.
Unloading 2697 Unused Serialized files (Serialized files now loaded: 0)
System memory in use before: 122.9 MB.
System memory in use after: 123.2 MB.

Unloading 15 unused Assets to reduce memory usage. Loaded Objects now: 3255.
Total: 3.538000 ms (FindLiveObjects: 0.329700 ms CreateObjectMapping: 0.173100 ms MarkObjects: 3.000400 ms  DeleteObjects: 0.033700 ms)

AssetImportParameters requested are different than current active one (requested -> active):
  custom:framework-win-MediaFoundation: 216162199b28c13a410421893ffa2e32 -> 
  custom:video-decoder-ogg-theora: a1e56fd34408186e4bbccfd4996cb3dc -> 
  custom:container-muxer-webm: aa71ff27fc2769a1b78a27578f13a17b -> 
  custom:container-demuxer-webm: 4f35f7cbe854078d1ac9338744f61a02 -> 
  custom:container-demuxer-ogg: 62fdf1f143b41e24485cea50d1cbac27 -> 
  custom:video-encoder-webm-vp8: eb34c28f22e8b96e1ab97ce403110664 -> 
  custom:video-codec-MediaFoundation-h265: 746d11721c4dcdbdad8f713fa42b33f4 -> 
  custom:video-decoder-webm-vp8: 9c59270c3fd7afecdb556c50c9e8de78 -> 
  custom:audio-decoder-ogg-vorbis: bf7c407c2cedff20999df2af8eb42d56 -> 
  custom:audio-encoder-webm-vorbis: bf7c407c2cedff20999df2af8eb42d56 -> 
========================================================================
Received Import Request.
  Time since last request: 611.298502 seconds.
  path: Assets/GuidedProject/AlienVideoGameShop/Animations/Planetarium_Rotate.anim
  artifactKey: Guid(0fba8384d02c413439c893fa010b79cb) Importer(815301076,1909f56bfc062723c751e8b465ee728b)
Start importing Assets/GuidedProject/AlienVideoGameShop/Animations/Planetarium_Rotate.anim using Guid(0fba8384d02c413439c893fa010b79cb) Importer(815301076,1909f56bfc062723c751e8b465ee728b)  -> (artifact id: '7c7b67f08d9ec6c5914df8052afead67') in 0.046918 seconds 
  Import took 0.053013 seconds .

========================================================================
Received Prepare
Registering precompiled user dll's ...
Registered in 0.004852 seconds.
Begin MonoManager ReloadAssembly
Native extension for WindowsStandalone target not found
Native extension for WebGL target not found
Refreshing native plugins compatible for Editor in 0.66 ms, found 2 plugins.
Preloading 0 native plugins for Editor in 0.00 ms.
Mono: successfully reloaded assembly
- Completed reload, in  1.393 seconds
Domain Reload Profiling:
	ReloadAssembly (1394ms)
		BeginReloadAssembly (169ms)
			ExecutionOrderSort (0ms)
			DisableScriptedObjects (8ms)
			BackupInstance (0ms)
			ReleaseScriptingObjects (0ms)
			CreateAndSetChildDomain (57ms)
		EndReloadAssembly (1135ms)
			LoadAssemblies (209ms)
			RebuildTransferFunctionScriptingTraits (0ms)
			SetupTypeCache (455ms)
			ReleaseScriptCaches (1ms)
			RebuildScriptCaches (45ms)
			SetupLoadedEditorAssemblies (317ms)
				LogAssemblyErrors (0ms)
				InitializePlatformSupportModulesInManaged (5ms)
				SetLoadedEditorAssemblies (1ms)
				RefreshPlugins (1ms)
				BeforeProcessingInitializeOnLoad (89ms)
				ProcessInitializeOnLoadAttributes (207ms)
				ProcessInitializeOnLoadMethodAttributes (9ms)
				AfterProcessingInitializeOnLoad (5ms)
				EditorAssembliesLoaded (0ms)
			ExecutionOrderSort2 (0ms)
			AwakeInstancesAfterBackupRestoration (10ms)
Platform modules already initialized, skipping
Refreshing native plugins compatible for Editor in 1.13 ms, found 2 plugins.
Preloading 0 native plugins for Editor in 0.00 ms.
Unloading 2697 Unused Serialized files (Serialized files now loaded: 0)
System memory in use before: 123.0 MB.
System memory in use after: 123.2 MB.

Unloading 15 unused Assets to reduce memory usage. Loaded Objects now: 3257.
Total: 5.380800 ms (FindLiveObjects: 0.370000 ms CreateObjectMapping: 0.247800 ms MarkObjects: 4.724100 ms  DeleteObjects: 0.037600 ms)

AssetImportParameters requested are different than current active one (requested -> active):
  custom:framework-win-MediaFoundation: 216162199b28c13a410421893ffa2e32 -> 
  custom:video-decoder-ogg-theora: a1e56fd34408186e4bbccfd4996cb3dc -> 
  custom:container-muxer-webm: aa71ff27fc2769a1b78a27578f13a17b -> 
  custom:container-demuxer-webm: 4f35f7cbe854078d1ac9338744f61a02 -> 
  custom:container-demuxer-ogg: 62fdf1f143b41e24485cea50d1cbac27 -> 
  custom:video-encoder-webm-vp8: eb34c28f22e8b96e1ab97ce403110664 -> 
  custom:video-codec-MediaFoundation-h265: 746d11721c4dcdbdad8f713fa42b33f4 -> 
  custom:video-decoder-webm-vp8: 9c59270c3fd7afecdb556c50c9e8de78 -> 
  custom:audio-decoder-ogg-vorbis: bf7c407c2cedff20999df2af8eb42d56 -> 
  custom:audio-encoder-webm-vorbis: bf7c407c2cedff20999df2af8eb42d56 -> 
========================================================================
Received Prepare
Registering precompiled user dll's ...
Registered in 0.004410 seconds.
Begin MonoManager ReloadAssembly
Native extension for WindowsStandalone target not found
Native extension for WebGL target not found
Refreshing native plugins compatible for Editor in 0.67 ms, found 2 plugins.
Preloading 0 native plugins for Editor in 0.00 ms.
Mono: successfully reloaded assembly
- Completed reload, in  1.163 seconds
Domain Reload Profiling:
	ReloadAssembly (1164ms)
		BeginReloadAssembly (124ms)
			ExecutionOrderSort (0ms)
			DisableScriptedObjects (6ms)
			BackupInstance (0ms)
			ReleaseScriptingObjects (0ms)
			CreateAndSetChildDomain (40ms)
		EndReloadAssembly (974ms)
			LoadAssemblies (108ms)
			RebuildTransferFunctionScriptingTraits (0ms)
			SetupTypeCache (358ms)
			ReleaseScriptCaches (1ms)
			RebuildScriptCaches (46ms)
			SetupLoadedEditorAssemblies (344ms)
				LogAssemblyErrors (0ms)
				InitializePlatformSupportModulesInManaged (5ms)
				SetLoadedEditorAssemblies (1ms)
				RefreshPlugins (1ms)
				BeforeProcessingInitializeOnLoad (98ms)
				ProcessInitializeOnLoadAttributes (225ms)
				ProcessInitializeOnLoadMethodAttributes (9ms)
				AfterProcessingInitializeOnLoad (5ms)
				EditorAssembliesLoaded (0ms)
			ExecutionOrderSort2 (0ms)
			AwakeInstancesAfterBackupRestoration (11ms)
Platform modules already initialized, skipping
Refreshing native plugins compatible for Editor in 0.69 ms, found 2 plugins.
Preloading 0 native plugins for Editor in 0.00 ms.
Unloading 2697 Unused Serialized files (Serialized files now loaded: 0)
System memory in use before: 123.0 MB.
System memory in use after: 123.2 MB.

Unloading 15 unused Assets to reduce memory usage. Loaded Objects now: 3259.
Total: 3.641500 ms (FindLiveObjects: 0.377600 ms CreateObjectMapping: 0.256600 ms MarkObjects: 2.975700 ms  DeleteObjects: 0.030600 ms)

AssetImportParameters requested are different than current active one (requested -> active):
  custom:framework-win-MediaFoundation: 216162199b28c13a410421893ffa2e32 -> 
  custom:video-decoder-ogg-theora: a1e56fd34408186e4bbccfd4996cb3dc -> 
  custom:container-muxer-webm: aa71ff27fc2769a1b78a27578f13a17b -> 
  custom:container-demuxer-webm: 4f35f7cbe854078d1ac9338744f61a02 -> 
  custom:container-demuxer-ogg: 62fdf1f143b41e24485cea50d1cbac27 -> 
  custom:video-encoder-webm-vp8: eb34c28f22e8b96e1ab97ce403110664 -> 
  custom:video-codec-MediaFoundation-h265: 746d11721c4dcdbdad8f713fa42b33f4 -> 
  custom:video-decoder-webm-vp8: 9c59270c3fd7afecdb556c50c9e8de78 -> 
  custom:audio-decoder-ogg-vorbis: bf7c407c2cedff20999df2af8eb42d56 -> 
  custom:audio-encoder-webm-vorbis: bf7c407c2cedff20999df2af8eb42d56 -> 
========================================================================
Received Import Request.
  Time since last request: 1874.451588 seconds.
  path: Assets/GuidedProject/AlienVideoGameShop/Animations/Planetarium_Rotate2.anim
  artifactKey: Guid(3bbaba211a71e4345ad781b57399df6a) Importer(815301076,1909f56bfc062723c751e8b465ee728b)
Start importing Assets/GuidedProject/AlienVideoGameShop/Animations/Planetarium_Rotate2.anim using Guid(3bbaba211a71e4345ad781b57399df6a) Importer(815301076,1909f56bfc062723c751e8b465ee728b)  -> (artifact id: '8e4fc59bec797411ae98f269a8f6d316') in 0.047440 seconds 
  Import took 0.053816 seconds .

========================================================================
Received Prepare
Registering precompiled user dll's ...
Registered in 0.005292 seconds.
Begin MonoManager ReloadAssembly
Native extension for WindowsStandalone target not found
Native extension for WebGL target not found
Refreshing native plugins compatible for Editor in 0.75 ms, found 2 plugins.
Preloading 0 native plugins for Editor in 0.00 ms.
Mono: successfully reloaded assembly
- Completed reload, in  1.262 seconds
Domain Reload Profiling:
	ReloadAssembly (1262ms)
		BeginReloadAssembly (122ms)
			ExecutionOrderSort (0ms)
			DisableScriptedObjects (5ms)
			BackupInstance (0ms)
			ReleaseScriptingObjects (0ms)
			CreateAndSetChildDomain (41ms)
		EndReloadAssembly (1073ms)
			LoadAssemblies (106ms)
			RebuildTransferFunctionScriptingTraits (0ms)
			SetupTypeCache (371ms)
			ReleaseScriptCaches (1ms)
			RebuildScriptCaches (48ms)
			SetupLoadedEditorAssemblies (406ms)
				LogAssemblyErrors (0ms)
				InitializePlatformSupportModulesInManaged (5ms)
				SetLoadedEditorAssemblies (1ms)
				RefreshPlugins (1ms)
				BeforeProcessingInitializeOnLoad (140ms)
				ProcessInitializeOnLoadAttributes (245ms)
				ProcessInitializeOnLoadMethodAttributes (9ms)
				AfterProcessingInitializeOnLoad (5ms)
				EditorAssembliesLoaded (0ms)
			ExecutionOrderSort2 (0ms)
			AwakeInstancesAfterBackupRestoration (11ms)
Platform modules already initialized, skipping
Refreshing native plugins compatible for Editor in 0.67 ms, found 2 plugins.
Preloading 0 native plugins for Editor in 0.00 ms.
Unloading 2697 Unused Serialized files (Serialized files now loaded: 0)
System memory in use before: 123.0 MB.
System memory in use after: 123.2 MB.

Unloading 15 unused Assets to reduce memory usage. Loaded Objects now: 3261.
Total: 3.992600 ms (FindLiveObjects: 0.264400 ms CreateObjectMapping: 0.166100 ms MarkObjects: 3.529700 ms  DeleteObjects: 0.031000 ms)

AssetImportParameters requested are different than current active one (requested -> active):
  custom:framework-win-MediaFoundation: 216162199b28c13a410421893ffa2e32 -> 
  custom:video-decoder-ogg-theora: a1e56fd34408186e4bbccfd4996cb3dc -> 
  custom:container-muxer-webm: aa71ff27fc2769a1b78a27578f13a17b -> 
  custom:container-demuxer-webm: 4f35f7cbe854078d1ac9338744f61a02 -> 
  custom:container-demuxer-ogg: 62fdf1f143b41e24485cea50d1cbac27 -> 
  custom:video-encoder-webm-vp8: eb34c28f22e8b96e1ab97ce403110664 -> 
  custom:video-codec-MediaFoundation-h265: 746d11721c4dcdbdad8f713fa42b33f4 -> 
  custom:video-decoder-webm-vp8: 9c59270c3fd7afecdb556c50c9e8de78 -> 
  custom:audio-decoder-ogg-vorbis: bf7c407c2cedff20999df2af8eb42d56 -> 
  custom:audio-encoder-webm-vorbis: bf7c407c2cedff20999df2af8eb42d56 -> 
========================================================================
Received Prepare
Registering precompiled user dll's ...
Registered in 0.007639 seconds.
Begin MonoManager ReloadAssembly
Native extension for WindowsStandalone target not found
Native extension for WebGL target not found
Refreshing native plugins compatible for Editor in 0.70 ms, found 2 plugins.
Preloading 0 native plugins for Editor in 0.00 ms.
Mono: successfully reloaded assembly
- Completed reload, in  1.193 seconds
Domain Reload Profiling:
	ReloadAssembly (1193ms)
		BeginReloadAssembly (119ms)
			ExecutionOrderSort (0ms)
			DisableScriptedObjects (5ms)
			BackupInstance (0ms)
			ReleaseScriptingObjects (0ms)
			CreateAndSetChildDomain (39ms)
		EndReloadAssembly (1009ms)
			LoadAssemblies (101ms)
			RebuildTransferFunctionScriptingTraits (0ms)
			SetupTypeCache (335ms)
			ReleaseScriptCaches (1ms)
			RebuildScriptCaches (49ms)
			SetupLoadedEditorAssemblies (382ms)
				LogAssemblyErrors (0ms)
				InitializePlatformSupportModulesInManaged (5ms)
				SetLoadedEditorAssemblies (1ms)
				RefreshPlugins (1ms)
				BeforeProcessingInitializeOnLoad (94ms)
				ProcessInitializeOnLoadAttributes (266ms)
				ProcessInitializeOnLoadMethodAttributes (10ms)
				AfterProcessingInitializeOnLoad (5ms)
				EditorAssembliesLoaded (0ms)
			ExecutionOrderSort2 (0ms)
			AwakeInstancesAfterBackupRestoration (31ms)
Platform modules already initialized, skipping
Refreshing native plugins compatible for Editor in 0.74 ms, found 2 plugins.
Preloading 0 native plugins for Editor in 0.00 ms.
Unloading 2697 Unused Serialized files (Serialized files now loaded: 0)
System memory in use before: 123.0 MB.
System memory in use after: 123.2 MB.

Unloading 15 unused Assets to reduce memory usage. Loaded Objects now: 3263.
Total: 4.217300 ms (FindLiveObjects: 0.309800 ms CreateObjectMapping: 0.199400 ms MarkObjects: 3.673600 ms  DeleteObjects: 0.033400 ms)

AssetImportParameters requested are different than current active one (requested -> active):
  custom:framework-win-MediaFoundation: 216162199b28c13a410421893ffa2e32 -> 
  custom:video-decoder-ogg-theora: a1e56fd34408186e4bbccfd4996cb3dc -> 
  custom:container-muxer-webm: aa71ff27fc2769a1b78a27578f13a17b -> 
  custom:container-demuxer-webm: 4f35f7cbe854078d1ac9338744f61a02 -> 
  custom:container-demuxer-ogg: 62fdf1f143b41e24485cea50d1cbac27 -> 
  custom:video-encoder-webm-vp8: eb34c28f22e8b96e1ab97ce403110664 -> 
  custom:video-codec-MediaFoundation-h265: 746d11721c4dcdbdad8f713fa42b33f4 -> 
  custom:video-decoder-webm-vp8: 9c59270c3fd7afecdb556c50c9e8de78 -> 
  custom:audio-decoder-ogg-vorbis: bf7c407c2cedff20999df2af8eb42d56 -> 
  custom:audio-encoder-webm-vorbis: bf7c407c2cedff20999df2af8eb42d56 -> 
========================================================================
Received Prepare
Registering precompiled user dll's ...
Registered in 0.009060 seconds.
Begin MonoManager ReloadAssembly
Native extension for WindowsStandalone target not found
Native extension for WebGL target not found
Refreshing native plugins compatible for Editor in 0.89 ms, found 2 plugins.
Preloading 0 native plugins for Editor in 0.00 ms.
Mono: successfully reloaded assembly
- Completed reload, in  1.632 seconds
Domain Reload Profiling:
	ReloadAssembly (1632ms)
		BeginReloadAssembly (125ms)
			ExecutionOrderSort (0ms)
			DisableScriptedObjects (5ms)
			BackupInstance (0ms)
			ReleaseScriptingObjects (0ms)
			CreateAndSetChildDomain (42ms)
		EndReloadAssembly (1440ms)
			LoadAssemblies (125ms)
			RebuildTransferFunctionScriptingTraits (0ms)
			SetupTypeCache (495ms)
			ReleaseScriptCaches (2ms)
			RebuildScriptCaches (80ms)
			SetupLoadedEditorAssemblies (521ms)
				LogAssemblyErrors (0ms)
				InitializePlatformSupportModulesInManaged (9ms)
				SetLoadedEditorAssemblies (1ms)
				RefreshPlugins (1ms)
				BeforeProcessingInitializeOnLoad (162ms)
				ProcessInitializeOnLoadAttributes (329ms)
				ProcessInitializeOnLoadMethodAttributes (12ms)
				AfterProcessingInitializeOnLoad (6ms)
				EditorAssembliesLoaded (0ms)
			ExecutionOrderSort2 (0ms)
			AwakeInstancesAfterBackupRestoration (15ms)
Platform modules already initialized, skipping
Refreshing native plugins compatible for Editor in 0.72 ms, found 2 plugins.
Preloading 0 native plugins for Editor in 0.00 ms.
Unloading 2697 Unused Serialized files (Serialized files now loaded: 0)
System memory in use before: 123.0 MB.
System memory in use after: 123.2 MB.

Unloading 15 unused Assets to reduce memory usage. Loaded Objects now: 3265.
Total: 4.015200 ms (FindLiveObjects: 0.294900 ms CreateObjectMapping: 0.172100 ms MarkObjects: 3.517600 ms  DeleteObjects: 0.029400 ms)

AssetImportParameters requested are different than current active one (requested -> active):
  custom:framework-win-MediaFoundation: 216162199b28c13a410421893ffa2e32 -> 
  custom:video-decoder-ogg-theora: a1e56fd34408186e4bbccfd4996cb3dc -> 
  custom:container-muxer-webm: aa71ff27fc2769a1b78a27578f13a17b -> 
  custom:container-demuxer-webm: 4f35f7cbe854078d1ac9338744f61a02 -> 
  custom:container-demuxer-ogg: 62fdf1f143b41e24485cea50d1cbac27 -> 
  custom:video-encoder-webm-vp8: eb34c28f22e8b96e1ab97ce403110664 -> 
  custom:video-codec-MediaFoundation-h265: 746d11721c4dcdbdad8f713fa42b33f4 -> 
  custom:video-decoder-webm-vp8: 9c59270c3fd7afecdb556c50c9e8de78 -> 
  custom:audio-decoder-ogg-vorbis: bf7c407c2cedff20999df2af8eb42d56 -> 
  custom:audio-encoder-webm-vorbis: bf7c407c2cedff20999df2af8eb42d56 -> 
========================================================================
Received Prepare
Registering precompiled user dll's ...
Registered in 0.004752 seconds.
Begin MonoManager ReloadAssembly
Native extension for WindowsStandalone target not found
Native extension for WebGL target not found
Refreshing native plugins compatible for Editor in 0.67 ms, found 2 plugins.
Preloading 0 native plugins for Editor in 0.00 ms.
Mono: successfully reloaded assembly
- Completed reload, in  1.187 seconds
Domain Reload Profiling:
	ReloadAssembly (1187ms)
		BeginReloadAssembly (120ms)
			ExecutionOrderSort (0ms)
			DisableScriptedObjects (5ms)
			BackupInstance (0ms)
			ReleaseScriptingObjects (0ms)
			CreateAndSetChildDomain (37ms)
		EndReloadAssembly (1004ms)
			LoadAssemblies (103ms)
			RebuildTransferFunctionScriptingTraits (0ms)
			SetupTypeCache (382ms)
			ReleaseScriptCaches (1ms)
			RebuildScriptCaches (74ms)
			SetupLoadedEditorAssemblies (328ms)
				LogAssemblyErrors (0ms)
				InitializePlatformSupportModulesInManaged (6ms)
				SetLoadedEditorAssemblies (1ms)
				RefreshPlugins (1ms)
				BeforeProcessingInitializeOnLoad (95ms)
				ProcessInitializeOnLoadAttributes (211ms)
				ProcessInitializeOnLoadMethodAttributes (10ms)
				AfterProcessingInitializeOnLoad (5ms)
				EditorAssembliesLoaded (0ms)
			ExecutionOrderSort2 (0ms)
			AwakeInstancesAfterBackupRestoration (12ms)
Platform modules already initialized, skipping
Refreshing native plugins compatible for Editor in 0.65 ms, found 2 plugins.
Preloading 0 native plugins for Editor in 0.00 ms.
Unloading 2697 Unused Serialized files (Serialized files now loaded: 0)
System memory in use before: 123.0 MB.
System memory in use after: 123.2 MB.

Unloading 15 unused Assets to reduce memory usage. Loaded Objects now: 3267.
Total: 4.270900 ms (FindLiveObjects: 0.288300 ms CreateObjectMapping: 0.138900 ms MarkObjects: 3.795200 ms  DeleteObjects: 0.047500 ms)

AssetImportParameters requested are different than current active one (requested -> active):
  custom:framework-win-MediaFoundation: 216162199b28c13a410421893ffa2e32 -> 
  custom:video-decoder-ogg-theora: a1e56fd34408186e4bbccfd4996cb3dc -> 
  custom:container-muxer-webm: aa71ff27fc2769a1b78a27578f13a17b -> 
  custom:container-demuxer-webm: 4f35f7cbe854078d1ac9338744f61a02 -> 
  custom:container-demuxer-ogg: 62fdf1f143b41e24485cea50d1cbac27 -> 
  custom:video-encoder-webm-vp8: eb34c28f22e8b96e1ab97ce403110664 -> 
  custom:video-codec-MediaFoundation-h265: 746d11721c4dcdbdad8f713fa42b33f4 -> 
  custom:video-decoder-webm-vp8: 9c59270c3fd7afecdb556c50c9e8de78 -> 
  custom:audio-decoder-ogg-vorbis: bf7c407c2cedff20999df2af8eb42d56 -> 
  custom:audio-encoder-webm-vorbis: bf7c407c2cedff20999df2af8eb42d56 -> 
========================================================================
Received Import Request.
  Time since last request: 3585.269335 seconds.
  path: Assets/Scenes/BeachsideTown.unity
  artifactKey: Guid(4605c6b61bfcafa4b9119f3ef1794913) Importer(815301076,1909f56bfc062723c751e8b465ee728b)
Start importing Assets/Scenes/BeachsideTown.unity using Guid(4605c6b61bfcafa4b9119f3ef1794913) Importer(815301076,1909f56bfc062723c751e8b465ee728b)  -> (artifact id: '348f45064c903d7b265a0b9ec10970e7') in 0.107291 seconds 
  Import took 0.113739 seconds .

========================================================================
Received Import Request.
  Time since last request: 74.698952 seconds.
  path: Assets/Scenes/ArchitecturalRendering.unity
  artifactKey: Guid(b7883227a1362d145bc00319ad7974c1) Importer(815301076,1909f56bfc062723c751e8b465ee728b)
Start importing Assets/Scenes/ArchitecturalRendering.unity using Guid(b7883227a1362d145bc00319ad7974c1) Importer(815301076,1909f56bfc062723c751e8b465ee728b)  -> (artifact id: '0fb026807d435bbd0cc38fff823c39af') in 0.016955 seconds 
  Import took 0.025227 seconds .

========================================================================
Received Import Request.
  Time since last request: 79.147093 seconds.
  path: Assets/GuidedProject/ArchitecturalRendering/Materials
  artifactKey: Guid(ffb5ed3a89479f947834d4ed5fe879d5) Importer(815301076,1909f56bfc062723c751e8b465ee728b)
Start importing Assets/GuidedProject/ArchitecturalRendering/Materials using Guid(ffb5ed3a89479f947834d4ed5fe879d5) Importer(815301076,1909f56bfc062723c751e8b465ee728b)  -> (artifact id: '9f9ab5d5c3b04db6d864fd731f31bd47') in 0.016005 seconds 
  Import took 0.022729 seconds .

========================================================================
Received Import Request.
  Time since last request: 0.091606 seconds.
  path: Assets/GuidedProject/ArchitecturalRendering/Materials/TV_Mat.mat
  artifactKey: Guid(5e7af46d9c0a1f248a79667353823d8f) Importer(815301076,1909f56bfc062723c751e8b465ee728b)
Start importing Assets/GuidedProject/ArchitecturalRendering/Materials/TV_Mat.mat using Guid(5e7af46d9c0a1f248a79667353823d8f) Importer(815301076,1909f56bfc062723c751e8b465ee728b)  -> (artifact id: 'd7de7785f56e434950d46675ec0d4286') in 0.273404 seconds 
  Import took 0.279272 seconds .

========================================================================
Received Import Request.
  Time since last request: 0.000323 seconds.
  path: Assets/GuidedProject/ArchitecturalRendering/Materials/TV_Screen_Mat.mat
  artifactKey: Guid(f853e48a0f6cde4449848e75110b7050) Importer(815301076,1909f56bfc062723c751e8b465ee728b)
Start importing Assets/GuidedProject/ArchitecturalRendering/Materials/TV_Screen_Mat.mat using Guid(f853e48a0f6cde4449848e75110b7050) Importer(815301076,1909f56bfc062723c751e8b465ee728b)  -> (artifact id: 'e719413bb98428d8128dfdcda03bd67c') in 0.026878 seconds 
  Import took 0.033056 seconds .

========================================================================
Received Import Request.
  Time since last request: 6.783417 seconds.
  path: Assets/GuidedProject/ArchitecturalRendering/Materials/House Sidings
  artifactKey: Guid(c2f3d388251479647ac9b7ea37dc4778) Importer(815301076,1909f56bfc062723c751e8b465ee728b)
Start importing Assets/GuidedProject/ArchitecturalRendering/Materials/House Sidings using Guid(c2f3d388251479647ac9b7ea37dc4778) Importer(815301076,1909f56bfc062723c751e8b465ee728b)  -> (artifact id: '23933b898a375ae281875cb38cd61bcd') in 0.009837 seconds 
  Import took 0.021472 seconds .

========================================================================
Received Import Request.
  Time since last request: 0.084866 seconds.
  path: Assets/GuidedProject/ArchitecturalRendering/Materials/House Sidings/House Sidings_Beige.mat
  artifactKey: Guid(b746709aca7515f4390e250e3c2a8277) Importer(815301076,1909f56bfc062723c751e8b465ee728b)
Start importing Assets/GuidedProject/ArchitecturalRendering/Materials/House Sidings/House Sidings_Beige.mat using Guid(b746709aca7515f4390e250e3c2a8277) Importer(815301076,1909f56bfc062723c751e8b465ee728b)  -> (artifact id: '4af0629b8c5b53308204739f91479c10') in 0.101391 seconds 
  Import took 0.107129 seconds .

========================================================================
Received Import Request.
  Time since last request: 0.000285 seconds.
  path: Assets/GuidedProject/ArchitecturalRendering/Materials/House Sidings/House Singles_Blue.mat
  artifactKey: Guid(249ab11eddd008740af4e3a567735870) Importer(815301076,1909f56bfc062723c751e8b465ee728b)
Start importing Assets/GuidedProject/ArchitecturalRendering/Materials/House Sidings/House Singles_Blue.mat using Guid(249ab11eddd008740af4e3a567735870) Importer(815301076,1909f56bfc062723c751e8b465ee728b)  -> (artifact id: '3602d67532fd6013dc7dd9e3502e0b43') in 0.074423 seconds 
  Import took 0.081204 seconds .

========================================================================
Received Import Request.
  Time since last request: 0.000358 seconds.
  path: Assets/GuidedProject/ArchitecturalRendering/Materials/House Sidings/House Singles_Brown.mat
  artifactKey: Guid(778721761e35c61469f58a8fd29a2ee9) Importer(815301076,1909f56bfc062723c751e8b465ee728b)
Start importing Assets/GuidedProject/ArchitecturalRendering/Materials/House Sidings/House Singles_Brown.mat using Guid(778721761e35c61469f58a8fd29a2ee9) Importer(815301076,1909f56bfc062723c751e8b465ee728b)  -> (artifact id: '1a7ec6baf34be203dc0cd52d859700bb') in 0.041340 seconds 
  Import took 0.046887 seconds .

========================================================================
Received Import Request.
  Time since last request: 0.000256 seconds.
  path: Assets/GuidedProject/ArchitecturalRendering/Materials/House Sidings/House Sidings_Grey.mat
  artifactKey: Guid(a91c415e45c546f4cab75da6ebb66931) Importer(815301076,1909f56bfc062723c751e8b465ee728b)
Start importing Assets/GuidedProject/ArchitecturalRendering/Materials/House Sidings/House Sidings_Grey.mat using Guid(a91c415e45c546f4cab75da6ebb66931) Importer(815301076,1909f56bfc062723c751e8b465ee728b)  -> (artifact id: '5c10ccb1292fc9e25154dfc04b07cee6') in 0.035251 seconds 
  Import took 0.044314 seconds .

========================================================================
Received Import Request.
  Time since last request: 62.094170 seconds.
  path: Assets/GuidedProject/ArchitecturalRendering/Materials/Transparrent/Glass_Blueish.mat
  artifactKey: Guid(1e9a2a0d19f26d74280b4b2c5684688c) Importer(815301076,1909f56bfc062723c751e8b465ee728b)
Start importing Assets/GuidedProject/ArchitecturalRendering/Materials/Transparrent/Glass_Blueish.mat using Guid(1e9a2a0d19f26d74280b4b2c5684688c) Importer(815301076,1909f56bfc062723c751e8b465ee728b)  -> (artifact id: 'b79c6d6c30606df39c71a1cccd95f1ec') in 0.340400 seconds 
  Import took 0.346114 seconds .

========================================================================
Received Import Request.
  Time since last request: 0.000250 seconds.
  path: Assets/GuidedProject/ArchitecturalRendering/Materials/Transparrent/Glass_transparrent.mat
  artifactKey: Guid(15050edde3fd15d44aeae6d8e5472abe) Importer(815301076,1909f56bfc062723c751e8b465ee728b)
Start importing Assets/GuidedProject/ArchitecturalRendering/Materials/Transparrent/Glass_transparrent.mat using Guid(15050edde3fd15d44aeae6d8e5472abe) Importer(815301076,1909f56bfc062723c751e8b465ee728b)  -> (artifact id: '5b8eace8181b59cc1e5659c03c2d4fd4') in 0.034681 seconds 
  Import took 0.039407 seconds .

========================================================================
Received Import Request.
  Time since last request: 9.873490 seconds.
  path: Assets/GuidedProject/ArchitecturalRendering/Materials/Concrete/Concrete_ 1_PatchyColour.mat
  artifactKey: Guid(bc37a7f90411880458ec3a075c740618) Importer(815301076,1909f56bfc062723c751e8b465ee728b)
Start importing Assets/GuidedProject/ArchitecturalRendering/Materials/Concrete/Concrete_ 1_PatchyColour.mat using Guid(bc37a7f90411880458ec3a075c740618) Importer(815301076,1909f56bfc062723c751e8b465ee728b)  -> (artifact id: 'd78dfc0a81370ee952f94fcda153fb6a') in 0.037907 seconds 
  Import took 0.043297 seconds .

========================================================================
Received Import Request.
  Time since last request: 0.000263 seconds.
  path: Assets/GuidedProject/ArchitecturalRendering/Materials/Concrete/Concrete_ 7_SmallRough.mat
  artifactKey: Guid(a97bebc786a6e8b45994dbc089d03978) Importer(815301076,1909f56bfc062723c751e8b465ee728b)
Start importing Assets/GuidedProject/ArchitecturalRendering/Materials/Concrete/Concrete_ 7_SmallRough.mat using Guid(a97bebc786a6e8b45994dbc089d03978) Importer(815301076,1909f56bfc062723c751e8b465ee728b)  -> (artifact id: '2ebd2025c785f0444a1718ee0a12e9bb') in 0.326102 seconds 
  Import took 0.336860 seconds .

========================================================================
Received Import Request.
  Time since last request: 0.000185 seconds.
  path: Assets/GuidedProject/ArchitecturalRendering/Materials/Concrete/Concrete_ 7_SmallRough colour.mat
  artifactKey: Guid(9ec40ff27c8c69d41ad0a4311cac3391) Importer(815301076,1909f56bfc062723c751e8b465ee728b)
Start importing Assets/GuidedProject/ArchitecturalRendering/Materials/Concrete/Concrete_ 7_SmallRough colour.mat using Guid(9ec40ff27c8c69d41ad0a4311cac3391) Importer(815301076,1909f56bfc062723c751e8b465ee728b)  -> (artifact id: 'a73115eb55b9c3a006567a14cf68b6c7') in 0.021601 seconds 
  Import took 0.028143 seconds .

========================================================================
Received Import Request.
  Time since last request: 0.000266 seconds.
  path: Assets/GuidedProject/ArchitecturalRendering/Materials/Concrete/Concrete_ 4_Dry.mat
  artifactKey: Guid(14b36366dc09dcc44b799c98c937052c) Importer(815301076,1909f56bfc062723c751e8b465ee728b)
Start importing Assets/GuidedProject/ArchitecturalRendering/Materials/Concrete/Concrete_ 4_Dry.mat using Guid(14b36366dc09dcc44b799c98c937052c) Importer(815301076,1909f56bfc062723c751e8b465ee728b)  -> (artifact id: '2e76a81d12710ea3e0b33c57067189d4') in 0.028372 seconds 
  Import took 0.034984 seconds .

========================================================================
Received Import Request.
  Time since last request: 0.000284 seconds.
  path: Assets/GuidedProject/ArchitecturalRendering/Materials/Concrete/Concrete_ 5_RoughLIned.mat
  artifactKey: Guid(3d2c0caf6990a8a4eb37dd465c80eeac) Importer(815301076,1909f56bfc062723c751e8b465ee728b)
Start importing Assets/GuidedProject/ArchitecturalRendering/Materials/Concrete/Concrete_ 5_RoughLIned.mat using Guid(3d2c0caf6990a8a4eb37dd465c80eeac) Importer(815301076,1909f56bfc062723c751e8b465ee728b)  -> (artifact id: '028aabf08d35c9d56b2518cbb89b3c69') in 0.022686 seconds 
  Import took 0.030031 seconds .

========================================================================
Received Import Request.
  Time since last request: 0.000338 seconds.
  path: Assets/GuidedProject/ArchitecturalRendering/Materials/Concrete/Concrete_ 2_HeavyRough.mat
  artifactKey: Guid(a661474660e0a0c48ba91fa85282c619) Importer(815301076,1909f56bfc062723c751e8b465ee728b)
Start importing Assets/GuidedProject/ArchitecturalRendering/Materials/Concrete/Concrete_ 2_HeavyRough.mat using Guid(a661474660e0a0c48ba91fa85282c619) Importer(815301076,1909f56bfc062723c751e8b465ee728b)  -> (artifact id: 'dabeb07abebf8c38b514a2d3737912e9') in 0.430328 seconds 
  Import took 0.437001 seconds .

========================================================================
Received Import Request.
  Time since last request: 0.000249 seconds.
  path: Assets/GuidedProject/ArchitecturalRendering/Materials/Concrete/Concrete_ 8_Flecked.mat
  artifactKey: Guid(fd675926650bacd46bef21585291c61f) Importer(815301076,1909f56bfc062723c751e8b465ee728b)
Start importing Assets/GuidedProject/ArchitecturalRendering/Materials/Concrete/Concrete_ 8_Flecked.mat using Guid(fd675926650bacd46bef21585291c61f) Importer(815301076,1909f56bfc062723c751e8b465ee728b)  -> (artifact id: '656af635bcaaf7df6d08e2c8e01d8044') in 0.047508 seconds 
  Import took 0.053441 seconds .

========================================================================
Received Import Request.
  Time since last request: 0.000225 seconds.
  path: Assets/GuidedProject/ArchitecturalRendering/Materials/Concrete/Concrete_ 3_Smooth.mat
  artifactKey: Guid(5693dff2b6143c9449fe21b2b93e3e16) Importer(815301076,1909f56bfc062723c751e8b465ee728b)
Start importing Assets/GuidedProject/ArchitecturalRendering/Materials/Concrete/Concrete_ 3_Smooth.mat using Guid(5693dff2b6143c9449fe21b2b93e3e16) Importer(815301076,1909f56bfc062723c751e8b465ee728b)  -> (artifact id: 'afd52f42de586b56f8919729822e260e') in 0.027542 seconds 
  Import took 0.034389 seconds .

========================================================================
Received Import Request.
  Time since last request: 0.000317 seconds.
  path: Assets/GuidedProject/ArchitecturalRendering/Materials/Concrete/Concrete_ 9_Worn.mat
  artifactKey: Guid(4d169fa513fa6b5458d99d938f7f9780) Importer(815301076,1909f56bfc062723c751e8b465ee728b)
Start importing Assets/GuidedProject/ArchitecturalRendering/Materials/Concrete/Concrete_ 9_Worn.mat using Guid(4d169fa513fa6b5458d99d938f7f9780) Importer(815301076,1909f56bfc062723c751e8b465ee728b)  -> (artifact id: 'a698390a0fcecc155c1651219765c010') in 0.055654 seconds 
  Import took 0.063438 seconds .

========================================================================
Received Import Request.
  Time since last request: 0.000186 seconds.
  path: Assets/GuidedProject/ArchitecturalRendering/Materials/Concrete/Concrete_ 6_HeavyTexture.mat
  artifactKey: Guid(4592b5a6dea381944a901f75e36f6665) Importer(815301076,1909f56bfc062723c751e8b465ee728b)
Start importing Assets/GuidedProject/ArchitecturalRendering/Materials/Concrete/Concrete_ 6_HeavyTexture.mat using Guid(4592b5a6dea381944a901f75e36f6665) Importer(815301076,1909f56bfc062723c751e8b465ee728b)  -> (artifact id: 'de729651463d359b28a1c12382db2025') in 0.022933 seconds 
  Import took 0.029000 seconds .

========================================================================
Received Import Request.
  Time since last request: 364.700496 seconds.
  path: Assets/GuidedProject/ArchitecturalRendering/Materials/Pavement/Pavement_Grey.mat
  artifactKey: Guid(c83d97d5ceca6054f944403bb1e3768f) Importer(815301076,1909f56bfc062723c751e8b465ee728b)
Start importing Assets/GuidedProject/ArchitecturalRendering/Materials/Pavement/Pavement_Grey.mat using Guid(c83d97d5ceca6054f944403bb1e3768f) Importer(815301076,1909f56bfc062723c751e8b465ee728b)  -> (artifact id: '25851c18d01c99ed24c11611b61e0226') in 0.107819 seconds 
  Import took 0.113811 seconds .

========================================================================
Received Import Request.
  Time since last request: 0.000278 seconds.
  path: Assets/GuidedProject/ArchitecturalRendering/Materials/Pavement/Pavement_GreyPale_SmallMoss.mat
  artifactKey: Guid(772b4c240e33a524ab0af1a6ed5b870c) Importer(815301076,1909f56bfc062723c751e8b465ee728b)
Start importing Assets/GuidedProject/ArchitecturalRendering/Materials/Pavement/Pavement_GreyPale_SmallMoss.mat using Guid(772b4c240e33a524ab0af1a6ed5b870c) Importer(815301076,1909f56bfc062723c751e8b465ee728b)  -> (artifact id: 'b316291768b5e2f46aec8bc34e6dece6') in 0.056174 seconds 
  Import took 0.061079 seconds .

========================================================================
Received Import Request.
  Time since last request: 0.000283 seconds.
  path: Assets/GuidedProject/ArchitecturalRendering/Materials/Pavement/Pavement_LightGrey.mat
  artifactKey: Guid(4b6e59b6018d6ed4fa81f52301bc2782) Importer(815301076,1909f56bfc062723c751e8b465ee728b)
Start importing Assets/GuidedProject/ArchitecturalRendering/Materials/Pavement/Pavement_LightGrey.mat using Guid(4b6e59b6018d6ed4fa81f52301bc2782) Importer(815301076,1909f56bfc062723c751e8b465ee728b)  -> (artifact id: '3f7821d69673cc86d6d51d3c689d4c22') in 0.037906 seconds 
  Import took 0.044319 seconds .

========================================================================
Received Import Request.
  Time since last request: 0.000278 seconds.
  path: Assets/GuidedProject/ArchitecturalRendering/Materials/Pavement/Pavement_Grey_Moss.mat
  artifactKey: Guid(080aab9e71634554590e44695df5a074) Importer(815301076,1909f56bfc062723c751e8b465ee728b)
Start importing Assets/GuidedProject/ArchitecturalRendering/Materials/Pavement/Pavement_Grey_Moss.mat using Guid(080aab9e71634554590e44695df5a074) Importer(815301076,1909f56bfc062723c751e8b465ee728b)  -> (artifact id: '49f86d1d244411936387e822471cd5a9') in 0.105785 seconds 
  Import took 0.111179 seconds .

========================================================================
Received Import Request.
  Time since last request: 5.963617 seconds.
  path: Assets/GuidedProject/ArchitecturalRendering/Materials/Plastic/Plastic_Black_Gloss.mat
  artifactKey: Guid(55da6212384e8404a87eb97bed4f178d) Importer(815301076,1909f56bfc062723c751e8b465ee728b)
Start importing Assets/GuidedProject/ArchitecturalRendering/Materials/Plastic/Plastic_Black_Gloss.mat using Guid(55da6212384e8404a87eb97bed4f178d) Importer(815301076,1909f56bfc062723c751e8b465ee728b)  -> (artifact id: '40bfd2b89240a86bd891574d96acb4ce') in 0.419821 seconds 
  Import took 0.425146 seconds .

========================================================================
Received Import Request.
  Time since last request: 0.000246 seconds.
  path: Assets/GuidedProject/ArchitecturalRendering/Materials/Plastic/Plastic_Specelled_Gloss.mat
  artifactKey: Guid(f7403acdfdce45549a99422ce4f30b2f) Importer(815301076,1909f56bfc062723c751e8b465ee728b)
Start importing Assets/GuidedProject/ArchitecturalRendering/Materials/Plastic/Plastic_Specelled_Gloss.mat using Guid(f7403acdfdce45549a99422ce4f30b2f) Importer(815301076,1909f56bfc062723c751e8b465ee728b)  -> (artifact id: 'cd5c2c1197501600969ffa35b230930f') in 0.049600 seconds 
  Import took 0.054731 seconds .

========================================================================
Received Import Request.
  Time since last request: 0.000303 seconds.
  path: Assets/GuidedProject/ArchitecturalRendering/Materials/Plastic/Plastic_Yellow.mat
  artifactKey: Guid(e43ceabeb1d9d684f8077ed3b8dd90dd) Importer(815301076,1909f56bfc062723c751e8b465ee728b)
Start importing Assets/GuidedProject/ArchitecturalRendering/Materials/Plastic/Plastic_Yellow.mat using Guid(e43ceabeb1d9d684f8077ed3b8dd90dd) Importer(815301076,1909f56bfc062723c751e8b465ee728b)  -> (artifact id: '0faee146cf286397375c8251ea6c9dfa') in 0.020713 seconds 
  Import took 0.026339 seconds .

========================================================================
Received Import Request.
  Time since last request: 0.000250 seconds.
  path: Assets/GuidedProject/ArchitecturalRendering/Materials/Plastic/Plastic_White.mat
  artifactKey: Guid(1064a8201f6d57441ba50e5742a3a889) Importer(815301076,1909f56bfc062723c751e8b465ee728b)
Start importing Assets/GuidedProject/ArchitecturalRendering/Materials/Plastic/Plastic_White.mat using Guid(1064a8201f6d57441ba50e5742a3a889) Importer(815301076,1909f56bfc062723c751e8b465ee728b)  -> (artifact id: '4e1378f1c54f0b386477aa0c9ef51df8') in 0.022658 seconds 
  Import took 0.029809 seconds .

========================================================================
Received Import Request.
  Time since last request: 0.000357 seconds.
  path: Assets/GuidedProject/ArchitecturalRendering/Materials/Plastic/Plastic_LightBlue_Mat.mat
  artifactKey: Guid(c49d94445483cc248a3c8c8212a30318) Importer(815301076,1909f56bfc062723c751e8b465ee728b)
Start importing Assets/GuidedProject/ArchitecturalRendering/Materials/Plastic/Plastic_LightBlue_Mat.mat using Guid(c49d94445483cc248a3c8c8212a30318) Importer(815301076,1909f56bfc062723c751e8b465ee728b)  -> (artifact id: '92411175ad0d01c4ab6683c01b822c1b') in 0.335174 seconds 
  Import took 0.340872 seconds .

========================================================================
Received Import Request.
  Time since last request: 0.000295 seconds.
  path: Assets/GuidedProject/ArchitecturalRendering/Materials/Plastic/Plastic_Gray_Gloss.mat
  artifactKey: Guid(1539fc8e099203e49aa192ae46f32592) Importer(815301076,1909f56bfc062723c751e8b465ee728b)
Start importing Assets/GuidedProject/ArchitecturalRendering/Materials/Plastic/Plastic_Gray_Gloss.mat using Guid(1539fc8e099203e49aa192ae46f32592) Importer(815301076,1909f56bfc062723c751e8b465ee728b)  -> (artifact id: '5ccb32b1b30fda6b2278a440c4d28d04') in 0.018167 seconds 
  Import took 0.026234 seconds .

========================================================================
Received Import Request.
  Time since last request: 26.786245 seconds.
  path: Assets/GuidedProject/ArchitecturalRendering/Textures
  artifactKey: Guid(a4eabcc62585edb4f8e007e011d9ab64) Importer(815301076,1909f56bfc062723c751e8b465ee728b)
Start importing Assets/GuidedProject/ArchitecturalRendering/Textures using Guid(a4eabcc62585edb4f8e007e011d9ab64) Importer(815301076,1909f56bfc062723c751e8b465ee728b)  -> (artifact id: '4603e6a55645c962e1e63edf2dc1eaf7') in 0.015462 seconds 
  Import took 0.022666 seconds .

========================================================================
Received Import Request.
  Time since last request: 5.254785 seconds.
  path: Assets/GuidedProject/ArchitecturalRendering/Prefabs
  artifactKey: Guid(dbadcbadb4c7b3548b827b9c4c23736e) Importer(815301076,1909f56bfc062723c751e8b465ee728b)
Start importing Assets/GuidedProject/ArchitecturalRendering/Prefabs using Guid(dbadcbadb4c7b3548b827b9c4c23736e) Importer(815301076,1909f56bfc062723c751e8b465ee728b)  -> (artifact id: 'd339490c2a67773b8c2da617261ad46a') in 0.014844 seconds 
  Import took 0.020372 seconds .

========================================================================
Received Import Request.
  Time since last request: 5.155223 seconds.
  path: Assets/GuidedProject/ArchitecturalRendering/Prefabs/Furniture
  artifactKey: Guid(061c7e743cd2fe2468981605991e017d) Importer(815301076,1909f56bfc062723c751e8b465ee728b)
Start importing Assets/GuidedProject/ArchitecturalRendering/Prefabs/Furniture using Guid(061c7e743cd2fe2468981605991e017d) Importer(815301076,1909f56bfc062723c751e8b465ee728b)  -> (artifact id: '1ec0765cc074bdc1d83410cb8c41fc3b') in 0.008258 seconds 
  Import took 0.014203 seconds .

========================================================================
Received Import Request.
  Time since last request: 0.101217 seconds.
  path: Assets/GuidedProject/ArchitecturalRendering/Prefabs/Furniture/Chair.prefab
  artifactKey: Guid(8f6ab829d73c5164ca563d59545c7075) Importer(815301076,1909f56bfc062723c751e8b465ee728b)
Start importing Assets/GuidedProject/ArchitecturalRendering/Prefabs/Furniture/Chair.prefab using Guid(8f6ab829d73c5164ca563d59545c7075) Importer(815301076,1909f56bfc062723c751e8b465ee728b)  -> (artifact id: 'b032e461b53f9ca6ddafccda827c5ffe') in 0.047309 seconds 
  Import took 0.054166 seconds .

========================================================================
Received Import Request.
  Time since last request: 0.000185 seconds.
  path: Assets/GuidedProject/ArchitecturalRendering/Prefabs/Furniture/LittleTable.prefab
  artifactKey: Guid(7a56e80c9e0168846a0735657ac44a13) Importer(815301076,1909f56bfc062723c751e8b465ee728b)
Start importing Assets/GuidedProject/ArchitecturalRendering/Prefabs/Furniture/LittleTable.prefab using Guid(7a56e80c9e0168846a0735657ac44a13) Importer(815301076,1909f56bfc062723c751e8b465ee728b)  -> (artifact id: '82035d9fec940eab37349869bf8cde61') in 0.040787 seconds 
  Import took 0.047073 seconds .

========================================================================
Received Import Request.
  Time since last request: 0.000227 seconds.
  path: Assets/GuidedProject/ArchitecturalRendering/Prefabs/Furniture/Rug.prefab
  artifactKey: Guid(97f7605a74cf58c43b4dfddfcc2a170b) Importer(815301076,1909f56bfc062723c751e8b465ee728b)
Start importing Assets/GuidedProject/ArchitecturalRendering/Prefabs/Furniture/Rug.prefab using Guid(97f7605a74cf58c43b4dfddfcc2a170b) Importer(815301076,1909f56bfc062723c751e8b465ee728b)  -> (artifact id: 'e0ac46878a1bd527eeef3febd7b222a5') in 0.337079 seconds 
  Import took 0.342302 seconds .

========================================================================
Received Import Request.
  Time since last request: 5.447604 seconds.
  path: Assets/GuidedProject/ArchitecturalRendering/Prefabs/Grass and Plants
  artifactKey: Guid(7eb6c88f5bd2351468cdccdd83a0aa02) Importer(815301076,1909f56bfc062723c751e8b465ee728b)
Start importing Assets/GuidedProject/ArchitecturalRendering/Prefabs/Grass and Plants using Guid(7eb6c88f5bd2351468cdccdd83a0aa02) Importer(815301076,1909f56bfc062723c751e8b465ee728b)  -> (artifact id: '788f56bfe017a6c3f23169d92663bc96') in 0.014565 seconds 
  Import took 0.020539 seconds .

========================================================================
Received Import Request.
  Time since last request: 0.129349 seconds.
  path: Assets/GuidedProject/ArchitecturalRendering/Prefabs/Grass and Plants/FlowerPot.prefab
  artifactKey: Guid(ec3583cfc60ba7842b5929900c51a3ed) Importer(815301076,1909f56bfc062723c751e8b465ee728b)
Start importing Assets/GuidedProject/ArchitecturalRendering/Prefabs/Grass and Plants/FlowerPot.prefab using Guid(ec3583cfc60ba7842b5929900c51a3ed) Importer(815301076,1909f56bfc062723c751e8b465ee728b)  -> (artifact id: '65c989e998a2c8ab08428d946d9c62fb') in 0.038669 seconds 
  Import took 0.045065 seconds .

========================================================================
Received Import Request.
  Time since last request: 0.000266 seconds.
  path: Assets/GuidedProject/ArchitecturalRendering/Prefabs/Grass and Plants/Grass_CircleBlock.prefab
  artifactKey: Guid(770ceb8322027ce43a24b5e42fbbcede) Importer(815301076,1909f56bfc062723c751e8b465ee728b)
Start importing Assets/GuidedProject/ArchitecturalRendering/Prefabs/Grass and Plants/Grass_CircleBlock.prefab using Guid(770ceb8322027ce43a24b5e42fbbcede) Importer(815301076,1909f56bfc062723c751e8b465ee728b)  -> (artifact id: '1d994e23e5e400fe54cf5d5946fbd159') in 0.352486 seconds 
  Import took 0.358363 seconds .

========================================================================
Received Import Request.
  Time since last request: 86.592556 seconds.
  path: Assets/GuidedProject/ArchitecturalRendering/Materials/Characters
  artifactKey: Guid(85951d2804b971f46bcde0904bf52ba1) Importer(815301076,1909f56bfc062723c751e8b465ee728b)
Start importing Assets/GuidedProject/ArchitecturalRendering/Materials/Characters using Guid(85951d2804b971f46bcde0904bf52ba1) Importer(815301076,1909f56bfc062723c751e8b465ee728b)  -> (artifact id: '9eef42b23d0a9991fdd1055960434f48') in 0.008150 seconds 
  Import took 0.013827 seconds .

========================================================================
Received Import Request.
  Time since last request: 2.346069 seconds.
  path: Assets/GuidedProject/ArchitecturalRendering/Materials/Concrete
  artifactKey: Guid(48bc5315681db514fa469310a3a5c5f2) Importer(815301076,1909f56bfc062723c751e8b465ee728b)
Start importing Assets/GuidedProject/ArchitecturalRendering/Materials/Concrete using Guid(48bc5315681db514fa469310a3a5c5f2) Importer(815301076,1909f56bfc062723c751e8b465ee728b)  -> (artifact id: '83c3b9325172c2028feff752bd3d48e5') in 0.014488 seconds 
  Import took 0.020741 seconds .

========================================================================
Received Import Request.
  Time since last request: 199.483561 seconds.
  path: Assets/GuidedProject/ArchitecturalRendering/Materials/Furniture/LightBulb_ON.mat
  artifactKey: Guid(96086fdae1659374f9b5adb2fd8898ba) Importer(815301076,1909f56bfc062723c751e8b465ee728b)
Start importing Assets/GuidedProject/ArchitecturalRendering/Materials/Furniture/LightBulb_ON.mat using Guid(96086fdae1659374f9b5adb2fd8898ba) Importer(815301076,1909f56bfc062723c751e8b465ee728b)  -> (artifact id: 'ef07e1c950061a4ee18da98a77912967') in 0.447182 seconds 
  Import took 0.453707 seconds .

========================================================================
Received Import Request.
  Time since last request: 0.000308 seconds.
  path: Assets/GuidedProject/ArchitecturalRendering/Materials/Furniture/Little_Table_Mat.mat
  artifactKey: Guid(06e05647f02e82d4895036aea87a6845) Importer(815301076,1909f56bfc062723c751e8b465ee728b)
Start importing Assets/GuidedProject/ArchitecturalRendering/Materials/Furniture/Little_Table_Mat.mat using Guid(06e05647f02e82d4895036aea87a6845) Importer(815301076,1909f56bfc062723c751e8b465ee728b)  -> (artifact id: '2bb97e0c215e750f55f8d2d1a63ef346') in 0.089389 seconds 
  Import took 0.097916 seconds .

========================================================================
Received Import Request.
  Time since last request: 0.000264 seconds.
  path: Assets/GuidedProject/ArchitecturalRendering/Materials/Furniture/Paintings.mat
  artifactKey: Guid(1abdb55b13651a54dbcf9bd4c60b50ae) Importer(815301076,1909f56bfc062723c751e8b465ee728b)
Start importing Assets/GuidedProject/ArchitecturalRendering/Materials/Furniture/Paintings.mat using Guid(1abdb55b13651a54dbcf9bd4c60b50ae) Importer(815301076,1909f56bfc062723c751e8b465ee728b)  -> (artifact id: '4fa5dd33f439c401ef93a9d1147ac7f4') in 0.066129 seconds 
  Import took 0.076004 seconds .

========================================================================
Received Import Request.
  Time since last request: 0.000219 seconds.
  path: Assets/GuidedProject/ArchitecturalRendering/Materials/Furniture/Rug_Mat.mat
  artifactKey: Guid(88ed755c34e84e94cb33ab8d1a3545f8) Importer(815301076,1909f56bfc062723c751e8b465ee728b)
Start importing Assets/GuidedProject/ArchitecturalRendering/Materials/Furniture/Rug_Mat.mat using Guid(88ed755c34e84e94cb33ab8d1a3545f8) Importer(815301076,1909f56bfc062723c751e8b465ee728b)  -> (artifact id: '5ef39335d96581125520b9ee1477be77') in 0.022927 seconds 
  Import took 0.031061 seconds .

========================================================================
Received Import Request.
  Time since last request: 0.000223 seconds.
  path: Assets/GuidedProject/ArchitecturalRendering/Materials/Furniture/Wood pannels.mat
  artifactKey: Guid(db754f6e3c4e7174291147b7f99a579f) Importer(815301076,1909f56bfc062723c751e8b465ee728b)
Start importing Assets/GuidedProject/ArchitecturalRendering/Materials/Furniture/Wood pannels.mat using Guid(db754f6e3c4e7174291147b7f99a579f) Importer(815301076,1909f56bfc062723c751e8b465ee728b)  -> (artifact id: '9552a18842b4b59547eead54cf8ed006') in 0.059041 seconds 
  Import took 0.067302 seconds .

========================================================================
Received Import Request.
  Time since last request: 0.000208 seconds.
  path: Assets/GuidedProject/ArchitecturalRendering/Materials/Furniture/Rug.mat
  artifactKey: Guid(e955ae5f59ddb4c4db8b695f6cebf63b) Importer(815301076,1909f56bfc062723c751e8b465ee728b)
Start importing Assets/GuidedProject/ArchitecturalRendering/Materials/Furniture/Rug.mat using Guid(e955ae5f59ddb4c4db8b695f6cebf63b) Importer(815301076,1909f56bfc062723c751e8b465ee728b)  -> (artifact id: 'f468114a86612577c887e0cbfb43bf5a') in 0.018207 seconds 
  Import took 0.023732 seconds .

========================================================================
Received Import Request.
  Time since last request: 180.788862 seconds.
  path: Assets/GuidedProject/ArchitecturalRendering/Materials/Characters/OrigamiCharacters.mat
  artifactKey: Guid(2b92b4bd610c36c44b1e8bfac039b8f7) Importer(815301076,1909f56bfc062723c751e8b465ee728b)
Start importing Assets/GuidedProject/ArchitecturalRendering/Materials/Characters/OrigamiCharacters.mat using Guid(2b92b4bd610c36c44b1e8bfac039b8f7) Importer(815301076,1909f56bfc062723c751e8b465ee728b)  -> (artifact id: 'c70e7c2f16588be0a6df0da3a1050696') in 0.022741 seconds 
  Import took 0.027857 seconds .

========================================================================
Received Import Request.
  Time since last request: 7.103848 seconds.
  path: Assets/GuidedProject/ArchitecturalRendering/Materials/Grass and Plants/FlowerPot_Mat.mat
  artifactKey: Guid(3507c9fab1caf5d459b4620140b41b5e) Importer(815301076,1909f56bfc062723c751e8b465ee728b)
Start importing Assets/GuidedProject/ArchitecturalRendering/Materials/Grass and Plants/FlowerPot_Mat.mat using Guid(3507c9fab1caf5d459b4620140b41b5e) Importer(815301076,1909f56bfc062723c751e8b465ee728b)  -> (artifact id: '658f8517b68ce5395a517908a866b6be') in 0.024128 seconds 
  Import took 0.029429 seconds .

========================================================================
Received Import Request.
  Time since last request: 0.000297 seconds.
  path: Assets/GuidedProject/ArchitecturalRendering/Materials/Grass and Plants/Grass_Broadleaf Plant.mat
  artifactKey: Guid(b7113874a35c409478bad68441d3bee7) Importer(815301076,1909f56bfc062723c751e8b465ee728b)
Start importing Assets/GuidedProject/ArchitecturalRendering/Materials/Grass and Plants/Grass_Broadleaf Plant.mat using Guid(b7113874a35c409478bad68441d3bee7) Importer(815301076,1909f56bfc062723c751e8b465ee728b)  -> (artifact id: 'da45aa8ed3c9365e0db45e4c0d3adf32') in 0.443616 seconds 
  Import took 0.448551 seconds .

========================================================================
Received Import Request.
  Time since last request: 0.000226 seconds.
  path: Assets/GuidedProject/ArchitecturalRendering/Materials/Grass and Plants/Grass_Ground.mat
  artifactKey: Guid(bc28343ccd0d3bb4aa81a17fa9884771) Importer(815301076,1909f56bfc062723c751e8b465ee728b)
Start importing Assets/GuidedProject/ArchitecturalRendering/Materials/Grass and Plants/Grass_Ground.mat using Guid(bc28343ccd0d3bb4aa81a17fa9884771) Importer(815301076,1909f56bfc062723c751e8b465ee728b)  -> (artifact id: '241e7d70f2f9e0666c7daa6228a62d0b') in 0.067261 seconds 
  Import took 0.072259 seconds .

========================================================================
Received Import Request.
  Time since last request: 0.000234 seconds.
  path: Assets/GuidedProject/ArchitecturalRendering/Materials/Grass and Plants/Grass_Tufts.mat
  artifactKey: Guid(e22a558d57382db4fb45bcb8a2b22cae) Importer(815301076,1909f56bfc062723c751e8b465ee728b)
Start importing Assets/GuidedProject/ArchitecturalRendering/Materials/Grass and Plants/Grass_Tufts.mat using Guid(e22a558d57382db4fb45bcb8a2b22cae) Importer(815301076,1909f56bfc062723c751e8b465ee728b)  -> (artifact id: 'e97c7d0a01ed5c27031ab4714b2d1db6') in 0.359902 seconds 
  Import took 0.366946 seconds .

========================================================================
Received Import Request.
  Time since last request: 0.000282 seconds.
  path: Assets/GuidedProject/ArchitecturalRendering/Materials/Grass and Plants/FlowerPot_Plant_Mat.mat
  artifactKey: Guid(fa11a51e53301b540b9543dd37db1d32) Importer(815301076,1909f56bfc062723c751e8b465ee728b)
Start importing Assets/GuidedProject/ArchitecturalRendering/Materials/Grass and Plants/FlowerPot_Plant_Mat.mat using Guid(fa11a51e53301b540b9543dd37db1d32) Importer(815301076,1909f56bfc062723c751e8b465ee728b)  -> (artifact id: 'c9c38da6768dba60a8a4d2d52ce7616b') in 0.071075 seconds 
  Import took 0.076412 seconds .

========================================================================
Received Import Request.
  Time since last request: 18.806084 seconds.
  path: Assets/GuidedProject/ArchitecturalRendering/Textures/Grass and Plants/FlowerPot_Albedo.png
  artifactKey: Guid(829d42554283b82439e0de1d042f9ec1) Importer(815301076,1909f56bfc062723c751e8b465ee728b)
Start importing Assets/GuidedProject/ArchitecturalRendering/Textures/Grass and Plants/FlowerPot_Albedo.png using Guid(829d42554283b82439e0de1d042f9ec1) Importer(815301076,1909f56bfc062723c751e8b465ee728b)  -> (artifact id: '73308636ad42f25e24c8fe893c82d862') in 0.113099 seconds 
  Import took 0.119341 seconds .

========================================================================
Received Import Request.
  Time since last request: 0.000338 seconds.
  path: Assets/GuidedProject/ArchitecturalRendering/Textures/Grass and Plants/FlowerPot_Plant_Albedo.png
  artifactKey: Guid(a37cd5a69b3318346b12ca31264052d8) Importer(815301076,1909f56bfc062723c751e8b465ee728b)
Start importing Assets/GuidedProject/ArchitecturalRendering/Textures/Grass and Plants/FlowerPot_Plant_Albedo.png using Guid(a37cd5a69b3318346b12ca31264052d8) Importer(815301076,1909f56bfc062723c751e8b465ee728b)  -> (artifact id: 'c4048e4cbc12a845124a899e4c123c52') in 0.019061 seconds 
  Import took 0.027111 seconds .

========================================================================
Received Import Request.
  Time since last request: 0.000312 seconds.
  path: Assets/GuidedProject/ArchitecturalRendering/Textures/Grass and Plants/GrassTufts_Normal.tif
  artifactKey: Guid(bfb111756cb277946bda99aa9331e134) Importer(815301076,1909f56bfc062723c751e8b465ee728b)
Start importing Assets/GuidedProject/ArchitecturalRendering/Textures/Grass and Plants/GrassTufts_Normal.tif using Guid(bfb111756cb277946bda99aa9331e134) Importer(815301076,1909f56bfc062723c751e8b465ee728b)  -> (artifact id: '3744b16d67de2c447e035fc78c0add13') in 0.051818 seconds 
  Import took 0.057328 seconds .

========================================================================
Received Import Request.
  Time since last request: 0.000276 seconds.
  path: Assets/GuidedProject/ArchitecturalRendering/Textures/Grass and Plants/GrassTufts_Albedo_Opacity.tif
  artifactKey: Guid(078521707ecf33943b4ac98c0e7718ba) Importer(815301076,1909f56bfc062723c751e8b465ee728b)
Start importing Assets/GuidedProject/ArchitecturalRendering/Textures/Grass and Plants/GrassTufts_Albedo_Opacity.tif using Guid(078521707ecf33943b4ac98c0e7718ba) Importer(815301076,1909f56bfc062723c751e8b465ee728b)  -> (artifact id: 'a8e96a4544706552fb142e811d804426') in 0.020956 seconds 
  Import took 0.027702 seconds .

========================================================================
Received Import Request.
  Time since last request: 0.000235 seconds.
  path: Assets/GuidedProject/ArchitecturalRendering/Textures/Grass and Plants/FlowerPot_Normal.png
  artifactKey: Guid(93be55cd3db1b554689fa03f8a8df70c) Importer(815301076,1909f56bfc062723c751e8b465ee728b)
Start importing Assets/GuidedProject/ArchitecturalRendering/Textures/Grass and Plants/FlowerPot_Normal.png using Guid(93be55cd3db1b554689fa03f8a8df70c) Importer(815301076,1909f56bfc062723c751e8b465ee728b)  -> (artifact id: 'e623ea19faca8330219630e65c5c1b0f') in 0.020646 seconds 
  Import took 0.026411 seconds .

========================================================================
Received Import Request.
  Time since last request: 0.000262 seconds.
  path: Assets/GuidedProject/ArchitecturalRendering/Textures/Grass and Plants/FlowerPot_Plant_Normal.png
  artifactKey: Guid(54490f31d863a7b49afd5779ef27b324) Importer(815301076,1909f56bfc062723c751e8b465ee728b)
Start importing Assets/GuidedProject/ArchitecturalRendering/Textures/Grass and Plants/FlowerPot_Plant_Normal.png using Guid(54490f31d863a7b49afd5779ef27b324) Importer(815301076,1909f56bfc062723c751e8b465ee728b)  -> (artifact id: 'd2c42f33583f53e0648681c874f30a19') in 0.018953 seconds 
  Import took 0.025882 seconds .

========================================================================
Received Import Request.
  Time since last request: 0.000217 seconds.
  path: Assets/GuidedProject/ArchitecturalRendering/Textures/Grass and Plants/Grass_Ground_AO.png
  artifactKey: Guid(43bd6b84c1775b2488203ea6ddf3570d) Importer(815301076,1909f56bfc062723c751e8b465ee728b)
Start importing Assets/GuidedProject/ArchitecturalRendering/Textures/Grass and Plants/Grass_Ground_AO.png using Guid(43bd6b84c1775b2488203ea6ddf3570d) Importer(815301076,1909f56bfc062723c751e8b465ee728b)  -> (artifact id: '2bba19de218369b6dd3007a11967487c') in 0.020145 seconds 
  Import took 0.027359 seconds .

========================================================================
Received Import Request.
  Time since last request: 0.000291 seconds.
  path: Assets/GuidedProject/ArchitecturalRendering/Textures/Grass and Plants/GrassTufts_Thickness.tif
  artifactKey: Guid(92136e417e535e042ac00f6a29097e27) Importer(815301076,1909f56bfc062723c751e8b465ee728b)
Start importing Assets/GuidedProject/ArchitecturalRendering/Textures/Grass and Plants/GrassTufts_Thickness.tif using Guid(92136e417e535e042ac00f6a29097e27) Importer(815301076,1909f56bfc062723c751e8b465ee728b)  -> (artifact id: 'cdb3f3c55c661477fbf8350932e5f9bb') in 0.025305 seconds 
  Import took 0.034818 seconds .

========================================================================
Received Import Request.
  Time since last request: 0.000260 seconds.
  path: Assets/GuidedProject/ArchitecturalRendering/Textures/Grass and Plants/Grass_Ground_Albedo.png
  artifactKey: Guid(3ee6ac4f33e6cab4c9b93725c06a8df6) Importer(815301076,1909f56bfc062723c751e8b465ee728b)
Start importing Assets/GuidedProject/ArchitecturalRendering/Textures/Grass and Plants/Grass_Ground_Albedo.png using Guid(3ee6ac4f33e6cab4c9b93725c06a8df6) Importer(815301076,1909f56bfc062723c751e8b465ee728b)  -> (artifact id: '50ea2ebd18543c8fcd8aa1bd28e8366c') in 0.017601 seconds 
  Import took 0.024278 seconds .

========================================================================
Received Import Request.
  Time since last request: 0.000247 seconds.
  path: Assets/GuidedProject/ArchitecturalRendering/Textures/Grass and Plants/Grass_Ground_Normal.png
  artifactKey: Guid(8b91a3de807841248958c75d7be7943d) Importer(815301076,1909f56bfc062723c751e8b465ee728b)
Start importing Assets/GuidedProject/ArchitecturalRendering/Textures/Grass and Plants/Grass_Ground_Normal.png using Guid(8b91a3de807841248958c75d7be7943d) Importer(815301076,1909f56bfc062723c751e8b465ee728b)  -> (artifact id: '2a5d79686079589baf68a1464d1a6478') in 0.023767 seconds 
  Import took 0.032466 seconds .

========================================================================
Received Import Request.
  Time since last request: 0.000263 seconds.
  path: Assets/GuidedProject/ArchitecturalRendering/Textures/Grass and Plants/Plant_Broadleaf_MetallicSmooth.png
  artifactKey: Guid(b717cfdde167d83478cd6cd8cd966bd8) Importer(815301076,1909f56bfc062723c751e8b465ee728b)
Start importing Assets/GuidedProject/ArchitecturalRendering/Textures/Grass and Plants/Plant_Broadleaf_MetallicSmooth.png using Guid(b717cfdde167d83478cd6cd8cd966bd8) Importer(815301076,1909f56bfc062723c751e8b465ee728b)  -> (artifact id: 'a07e1dcafbe0dcf3849e9c967d9d5f91') in 0.018441 seconds 
  Import took 0.025746 seconds .

========================================================================
Received Import Request.
  Time since last request: 0.000226 seconds.
  path: Assets/GuidedProject/ArchitecturalRendering/Textures/Grass and Plants/Plant_Broadleaf_Albedo_Opacity.tif
  artifactKey: Guid(593a3412c9d786b4c9224dd4e53cf920) Importer(815301076,1909f56bfc062723c751e8b465ee728b)
Start importing Assets/GuidedProject/ArchitecturalRendering/Textures/Grass and Plants/Plant_Broadleaf_Albedo_Opacity.tif using Guid(593a3412c9d786b4c9224dd4e53cf920) Importer(815301076,1909f56bfc062723c751e8b465ee728b)  -> (artifact id: '39c3423f65f2793e0f44510949bd0c4a') in 0.018275 seconds 
  Import took 0.024048 seconds .

========================================================================
Received Import Request.
  Time since last request: 0.000260 seconds.
  path: Assets/GuidedProject/ArchitecturalRendering/Textures/Grass and Plants/Plant_Broadleaf_Normal.tif
  artifactKey: Guid(9c70303a22b35c149a0dd35d3180a7df) Importer(815301076,1909f56bfc062723c751e8b465ee728b)
Start importing Assets/GuidedProject/ArchitecturalRendering/Textures/Grass and Plants/Plant_Broadleaf_Normal.tif using Guid(9c70303a22b35c149a0dd35d3180a7df) Importer(815301076,1909f56bfc062723c751e8b465ee728b)  -> (artifact id: '0378e289e35bbb15ad8dcf6f0a4df236') in 0.020333 seconds 
  Import took 0.026316 seconds .

========================================================================
Received Import Request.
  Time since last request: 19.740772 seconds.
  path: Assets/GuidedProject/ArchitecturalRendering/Materials/Grass and Plants
  artifactKey: Guid(9ad89851864ba3e469d52ca77cca0a94) Importer(815301076,1909f56bfc062723c751e8b465ee728b)
Start importing Assets/GuidedProject/ArchitecturalRendering/Materials/Grass and Plants using Guid(9ad89851864ba3e469d52ca77cca0a94) Importer(815301076,1909f56bfc062723c751e8b465ee728b)  -> (artifact id: '00c2bf2d8eb0e0ebaf1f1f93338ef3ca') in 0.007952 seconds 
  Import took 0.019070 seconds .

========================================================================
Received Import Request.
  Time since last request: 13.704583 seconds.
  path: Assets/GuidedProject/ArchitecturalRendering/Materials/Metal/Metal_Copper.mat
  artifactKey: Guid(8970c2ba858e24643b4cdb76bbdc5dd5) Importer(815301076,1909f56bfc062723c751e8b465ee728b)
Start importing Assets/GuidedProject/ArchitecturalRendering/Materials/Metal/Metal_Copper.mat using Guid(8970c2ba858e24643b4cdb76bbdc5dd5) Importer(815301076,1909f56bfc062723c751e8b465ee728b)  -> (artifact id: '91a5daca7a5731c16ef2c9e27a00b1a8') in 0.017093 seconds 
  Import took 0.028941 seconds .

========================================================================
Received Import Request.
  Time since last request: 0.000344 seconds.
  path: Assets/GuidedProject/ArchitecturalRendering/Materials/Metal/Metal_Silver_Worn.mat
  artifactKey: Guid(a30392fa132c9c042a9206ce3dbfaa03) Importer(815301076,1909f56bfc062723c751e8b465ee728b)
Start importing Assets/GuidedProject/ArchitecturalRendering/Materials/Metal/Metal_Silver_Worn.mat using Guid(a30392fa132c9c042a9206ce3dbfaa03) Importer(815301076,1909f56bfc062723c751e8b465ee728b)  -> (artifact id: '2d4587a2ccb96ed40d9006b5c4882f3d') in 0.058686 seconds 
  Import took 0.064189 seconds .

========================================================================
Received Import Request.
  Time since last request: 0.000384 seconds.
  path: Assets/GuidedProject/ArchitecturalRendering/Materials/Metal/Metal_Steel_Scratched.mat
  artifactKey: Guid(53022ecbde6f5ba4ebc09af5e4bb8dd4) Importer(815301076,1909f56bfc062723c751e8b465ee728b)
Start importing Assets/GuidedProject/ArchitecturalRendering/Materials/Metal/Metal_Steel_Scratched.mat using Guid(53022ecbde6f5ba4ebc09af5e4bb8dd4) Importer(815301076,1909f56bfc062723c751e8b465ee728b)  -> (artifact id: '40641bef019ef95e94d5b8b1c5c7e3e8') in 0.341508 seconds 
  Import took 0.354450 seconds .

========================================================================
Received Import Request.
  Time since last request: 0.000340 seconds.
  path: Assets/GuidedProject/ArchitecturalRendering/Materials/Metal/Metal_Steel_Semi Mat scratched.mat
  artifactKey: Guid(280bbaab93be89a4aa0110575f4f56ed) Importer(815301076,1909f56bfc062723c751e8b465ee728b)
Start importing Assets/GuidedProject/ArchitecturalRendering/Materials/Metal/Metal_Steel_Semi Mat scratched.mat using Guid(280bbaab93be89a4aa0110575f4f56ed) Importer(815301076,1909f56bfc062723c751e8b465ee728b)  -> (artifact id: 'fa3ee7ee735dae744fe6f717ab7d9f45') in 0.058766 seconds 
  Import took 0.064296 seconds .

========================================================================
Received Import Request.
  Time since last request: 0.000354 seconds.
  path: Assets/GuidedProject/ArchitecturalRendering/Materials/Metal/Metal_Steel_Mat.mat
  artifactKey: Guid(0a4e94bbbbf372041bca8806fc2c1f47) Importer(815301076,1909f56bfc062723c751e8b465ee728b)
Start importing Assets/GuidedProject/ArchitecturalRendering/Materials/Metal/Metal_Steel_Mat.mat using Guid(0a4e94bbbbf372041bca8806fc2c1f47) Importer(815301076,1909f56bfc062723c751e8b465ee728b)  -> (artifact id: 'ffd064e83367230a8cbbc46690c57862') in 0.040233 seconds 
  Import took 0.046104 seconds .

========================================================================
Received Import Request.
  Time since last request: 0.000273 seconds.
  path: Assets/GuidedProject/ArchitecturalRendering/Materials/Metal/Metal_Gold_Worn.mat
  artifactKey: Guid(92d0b38518954fc41aeb14a5673824db) Importer(815301076,1909f56bfc062723c751e8b465ee728b)
Start importing Assets/GuidedProject/ArchitecturalRendering/Materials/Metal/Metal_Gold_Worn.mat using Guid(92d0b38518954fc41aeb14a5673824db) Importer(815301076,1909f56bfc062723c751e8b465ee728b)  -> (artifact id: '7f1cdf4b1a3aa819320425317c60fd29') in 0.029699 seconds 
  Import took 0.037660 seconds .

========================================================================
Received Import Request.
  Time since last request: 0.000304 seconds.
  path: Assets/GuidedProject/ArchitecturalRendering/Materials/Metal/Metal_Crome.mat
  artifactKey: Guid(80ff43a34f6db644c9ecf10998edff7f) Importer(815301076,1909f56bfc062723c751e8b465ee728b)
Start importing Assets/GuidedProject/ArchitecturalRendering/Materials/Metal/Metal_Crome.mat using Guid(80ff43a34f6db644c9ecf10998edff7f) Importer(815301076,1909f56bfc062723c751e8b465ee728b)  -> (artifact id: '4f3b32c35cd06b75fea57eaf755b8dfa') in 0.054002 seconds 
  Import took 0.059589 seconds .

========================================================================
Received Import Request.
  Time since last request: 271.095720 seconds.
  path: Assets/GuidedProject/ArchitecturalRendering/Textures/Metal/Metal_MetallicSmoothness.tif
  artifactKey: Guid(5f4305cce6302fc42abf0377a572faf7) Importer(815301076,1909f56bfc062723c751e8b465ee728b)
Start importing Assets/GuidedProject/ArchitecturalRendering/Textures/Metal/Metal_MetallicSmoothness.tif using Guid(5f4305cce6302fc42abf0377a572faf7) Importer(815301076,1909f56bfc062723c751e8b465ee728b)  -> (artifact id: 'c70cda1c7a416edc6069f4366cdd95e2') in 0.035058 seconds 
  Import took 0.041725 seconds .

========================================================================
Received Import Request.
  Time since last request: 0.000326 seconds.
  path: Assets/GuidedProject/ArchitecturalRendering/Textures/Metal/Metal_roughness.png
  artifactKey: Guid(27d75c09c9182db4a965c4be5751f400) Importer(815301076,1909f56bfc062723c751e8b465ee728b)
Start importing Assets/GuidedProject/ArchitecturalRendering/Textures/Metal/Metal_roughness.png using Guid(27d75c09c9182db4a965c4be5751f400) Importer(815301076,1909f56bfc062723c751e8b465ee728b)  -> (artifact id: 'd3b913b315ab3a4ef02f78384e810677') in 0.038577 seconds 
  Import took 0.043520 seconds .

========================================================================
Received Import Request.
  Time since last request: 0.000321 seconds.
  path: Assets/GuidedProject/ArchitecturalRendering/Textures/Metal/Metal_Steel_HighShine_MetallicSmooth.png
  artifactKey: Guid(7ed0c8b9e0a650548a7959adb03dd164) Importer(815301076,1909f56bfc062723c751e8b465ee728b)
Start importing Assets/GuidedProject/ArchitecturalRendering/Textures/Metal/Metal_Steel_HighShine_MetallicSmooth.png using Guid(7ed0c8b9e0a650548a7959adb03dd164) Importer(815301076,1909f56bfc062723c751e8b465ee728b)  -> (artifact id: '01998da3c571ef9d842dd6b9f0067d6d') in 0.018497 seconds 
  Import took 0.023481 seconds .

========================================================================
Received Import Request.
  Time since last request: 0.000314 seconds.
  path: Assets/GuidedProject/ArchitecturalRendering/Textures/Metal/Metal_Steel_SemiMat_Albedo.png
  artifactKey: Guid(60e562dc6ee200b4982fa542ab5e460b) Importer(815301076,1909f56bfc062723c751e8b465ee728b)
Start importing Assets/GuidedProject/ArchitecturalRendering/Textures/Metal/Metal_Steel_SemiMat_Albedo.png using Guid(60e562dc6ee200b4982fa542ab5e460b) Importer(815301076,1909f56bfc062723c751e8b465ee728b)  -> (artifact id: 'b4c16323423ac973edd64414ed63e541') in 0.042449 seconds 
  Import took 0.047647 seconds .

========================================================================
Received Import Request.
  Time since last request: 0.000397 seconds.
  path: Assets/GuidedProject/ArchitecturalRendering/Textures/Metal/Metal_Steel_Mat_Albedo.png
  artifactKey: Guid(5541156b3fa54174e8001a94b2a4a174) Importer(815301076,1909f56bfc062723c751e8b465ee728b)
Start importing Assets/GuidedProject/ArchitecturalRendering/Textures/Metal/Metal_Steel_Mat_Albedo.png using Guid(5541156b3fa54174e8001a94b2a4a174) Importer(815301076,1909f56bfc062723c751e8b465ee728b)  -> (artifact id: 'cfb381983feec60b4503a24e0ef83cb6') in 0.020746 seconds 
  Import took 0.027859 seconds .

========================================================================
Received Import Request.
  Time since last request: 0.000358 seconds.
  path: Assets/GuidedProject/ArchitecturalRendering/Textures/Metal/Metal_Steel_Mat_MetallicSmooth.png
  artifactKey: Guid(1bfdafcfd69f8d64b8a62405e5c42a39) Importer(815301076,1909f56bfc062723c751e8b465ee728b)
Start importing Assets/GuidedProject/ArchitecturalRendering/Textures/Metal/Metal_Steel_Mat_MetallicSmooth.png using Guid(1bfdafcfd69f8d64b8a62405e5c42a39) Importer(815301076,1909f56bfc062723c751e8b465ee728b)  -> (artifact id: '388b65015ab7e8550fa0054fe4c278ea') in 0.018123 seconds 
  Import took 0.024358 seconds .

========================================================================
Received Import Request.
  Time since last request: 0.000340 seconds.
  path: Assets/GuidedProject/ArchitecturalRendering/Textures/Metal/Metal_Steel_HighShine_Albedo.png
  artifactKey: Guid(47f2aefa396df0e439d4ba5d9bbe3762) Importer(815301076,1909f56bfc062723c751e8b465ee728b)
Start importing Assets/GuidedProject/ArchitecturalRendering/Textures/Metal/Metal_Steel_HighShine_Albedo.png using Guid(47f2aefa396df0e439d4ba5d9bbe3762) Importer(815301076,1909f56bfc062723c751e8b465ee728b)  -> (artifact id: 'c0e60feb5759d0edf4cadf672201a794') in 0.019165 seconds 
  Import took 0.024921 seconds .

========================================================================
Received Import Request.
  Time since last request: 0.000343 seconds.
  path: Assets/GuidedProject/ArchitecturalRendering/Textures/Metal/Metal_Normal.tif
  artifactKey: Guid(8c7ecc22b013dda47a47b0d823adde5c) Importer(815301076,1909f56bfc062723c751e8b465ee728b)
Start importing Assets/GuidedProject/ArchitecturalRendering/Textures/Metal/Metal_Normal.tif using Guid(8c7ecc22b013dda47a47b0d823adde5c) Importer(815301076,1909f56bfc062723c751e8b465ee728b)  -> (artifact id: '8ae5ec0659442e1a9a57a1de804cc291') in 0.020700 seconds 
  Import took 0.027663 seconds .

========================================================================
Received Import Request.
  Time since last request: 0.000400 seconds.
  path: Assets/GuidedProject/ArchitecturalRendering/Textures/Metal/Metal_Steel_SemiMat_ambientocclusion.png
  artifactKey: Guid(e739c25df93b15b4e87a7896b3619999) Importer(815301076,1909f56bfc062723c751e8b465ee728b)
Start importing Assets/GuidedProject/ArchitecturalRendering/Textures/Metal/Metal_Steel_SemiMat_ambientocclusion.png using Guid(e739c25df93b15b4e87a7896b3619999) Importer(815301076,1909f56bfc062723c751e8b465ee728b)  -> (artifact id: '39906afd9a4134a8458e9cbcd441c5d2') in 0.020516 seconds 
  Import took 0.026519 seconds .

========================================================================
Received Import Request.
  Time since last request: 0.000219 seconds.
  path: Assets/GuidedProject/ArchitecturalRendering/Textures/Metal/Metal_Steel_HighShine_ambientocclusion.png
  artifactKey: Guid(f5c3093cc2fcf5847931ee5bd3a2edb4) Importer(815301076,1909f56bfc062723c751e8b465ee728b)
Start importing Assets/GuidedProject/ArchitecturalRendering/Textures/Metal/Metal_Steel_HighShine_ambientocclusion.png using Guid(f5c3093cc2fcf5847931ee5bd3a2edb4) Importer(815301076,1909f56bfc062723c751e8b465ee728b)  -> (artifact id: '1c067abaecf30fe9a700dc2f3976d77c') in 0.028796 seconds 
  Import took 0.034746 seconds .

========================================================================
Received Import Request.
  Time since last request: 0.000245 seconds.
  path: Assets/GuidedProject/ArchitecturalRendering/Textures/Metal/Metal_Steel_SemiMat_MetallicSmooth.png
  artifactKey: Guid(d06a854dc2a840d49a563ddd54a2e795) Importer(815301076,1909f56bfc062723c751e8b465ee728b)
Start importing Assets/GuidedProject/ArchitecturalRendering/Textures/Metal/Metal_Steel_SemiMat_MetallicSmooth.png using Guid(d06a854dc2a840d49a563ddd54a2e795) Importer(815301076,1909f56bfc062723c751e8b465ee728b)  -> (artifact id: '8c89b000e51cf5399dccbcf41fea30b6') in 0.015757 seconds 
  Import took 0.021916 seconds .

========================================================================
Received Import Request.
  Time since last request: 0.000548 seconds.
  path: Assets/GuidedProject/ArchitecturalRendering/Textures/Metal/Metal_Steel_SemiMat_normal.png
  artifactKey: Guid(6b7ece53046fb5c47aa45262709eec3a) Importer(815301076,1909f56bfc062723c751e8b465ee728b)
Start importing Assets/GuidedProject/ArchitecturalRendering/Textures/Metal/Metal_Steel_SemiMat_normal.png using Guid(6b7ece53046fb5c47aa45262709eec3a) Importer(815301076,1909f56bfc062723c751e8b465ee728b)  -> (artifact id: '2086af06ba0995a876c0f5cbd545042b') in 0.021681 seconds 
  Import took 0.028699 seconds .

========================================================================
Received Prepare
Registering precompiled user dll's ...
Registered in 0.010382 seconds.
Begin MonoManager ReloadAssembly
Native extension for WindowsStandalone target not found
Native extension for WebGL target not found
Refreshing native plugins compatible for Editor in 0.66 ms, found 2 plugins.
Preloading 0 native plugins for Editor in 0.00 ms.
Mono: successfully reloaded assembly
- Completed reload, in  1.284 seconds
Domain Reload Profiling:
	ReloadAssembly (1284ms)
		BeginReloadAssembly (205ms)
			ExecutionOrderSort (0ms)
			DisableScriptedObjects (9ms)
			BackupInstance (0ms)
			ReleaseScriptingObjects (0ms)
			CreateAndSetChildDomain (73ms)
		EndReloadAssembly (1010ms)
			LoadAssemblies (136ms)
			RebuildTransferFunctionScriptingTraits (0ms)
			SetupTypeCache (384ms)
			ReleaseScriptCaches (1ms)
			RebuildScriptCaches (46ms)
			SetupLoadedEditorAssemblies (323ms)
				LogAssemblyErrors (0ms)
				InitializePlatformSupportModulesInManaged (5ms)
				SetLoadedEditorAssemblies (1ms)
				RefreshPlugins (1ms)
				BeforeProcessingInitializeOnLoad (89ms)
				ProcessInitializeOnLoadAttributes (213ms)
				ProcessInitializeOnLoadMethodAttributes (9ms)
				AfterProcessingInitializeOnLoad (5ms)
				EditorAssembliesLoaded (0ms)
			ExecutionOrderSort2 (0ms)
			AwakeInstancesAfterBackupRestoration (17ms)
Platform modules already initialized, skipping
Refreshing native plugins compatible for Editor in 0.68 ms, found 2 plugins.
Preloading 0 native plugins for Editor in 0.00 ms.
Unloading 2697 Unused Serialized files (Serialized files now loaded: 0)
System memory in use before: 128.6 MB.
System memory in use after: 128.8 MB.

Unloading 15 unused Assets to reduce memory usage. Loaded Objects now: 3351.
Total: 3.733800 ms (FindLiveObjects: 0.299000 ms CreateObjectMapping: 0.142300 ms MarkObjects: 3.263800 ms  DeleteObjects: 0.027600 ms)

AssetImportParameters requested are different than current active one (requested -> active):
  custom:framework-win-MediaFoundation: 216162199b28c13a410421893ffa2e32 -> 
  custom:video-decoder-ogg-theora: a1e56fd34408186e4bbccfd4996cb3dc -> 
  custom:container-muxer-webm: aa71ff27fc2769a1b78a27578f13a17b -> 
  custom:container-demuxer-webm: 4f35f7cbe854078d1ac9338744f61a02 -> 
  custom:container-demuxer-ogg: 62fdf1f143b41e24485cea50d1cbac27 -> 
  custom:video-encoder-webm-vp8: eb34c28f22e8b96e1ab97ce403110664 -> 
  custom:video-codec-MediaFoundation-h265: 746d11721c4dcdbdad8f713fa42b33f4 -> 
  custom:video-decoder-webm-vp8: 9c59270c3fd7afecdb556c50c9e8de78 -> 
  custom:audio-decoder-ogg-vorbis: bf7c407c2cedff20999df2af8eb42d56 -> 
  custom:audio-encoder-webm-vorbis: bf7c407c2cedff20999df2af8eb42d56 -> 
========================================================================
Received Import Request.
  Time since last request: 2445.504095 seconds.
  path: Assets/GuidedProject/Shared/Animator/SimpleIdleController.controller
  artifactKey: Guid(963060f091179bd41a5980dd258b54ce) Importer(815301076,1909f56bfc062723c751e8b465ee728b)
Start importing Assets/GuidedProject/Shared/Animator/SimpleIdleController.controller using Guid(963060f091179bd41a5980dd258b54ce) Importer(815301076,1909f56bfc062723c751e8b465ee728b)  -> (artifact id: '2a7f0bc3f3f259e8cf109d2a1bdd1f7e') in 0.059063 seconds 
  Import took 0.064309 seconds .

AssetImportWorkerClient::OnTransportError - code=2 error=End of file
